ERROR - 2024-06-19 03:53:15 --> Error connecting to the database: mysqli_sql_exception: No connection could be made because the target machine actively refused it in D:\A_WahyuMuhariM\SEMESTER 4\PEMWeb III\ci4ajax_wm\system\Database\MySQLi\Connection.php:186
Stack trace:
#0 D:\A_WahyuMuhariM\SEMESTER 4\PEMWeb III\ci4ajax_wm\system\Database\MySQLi\Connection.php(186): mysqli->real_connect('localhost', 'root', Object(SensitiveParameterValue), 'dbci4ajax046', 3306, '', 0)
#1 D:\A_WahyuMuhariM\SEMESTER 4\PEMWeb III\ci4ajax_wm\system\Database\BaseConnection.php(421): CodeIgniter\Database\MySQLi\Connection->connect(false)
#2 D:\A_WahyuMuhariM\SEMESTER 4\PEMWeb III\ci4ajax_wm\system\Database\BaseConnection.php(604): CodeIgniter\Database\BaseConnection->initialize()
#3 D:\A_WahyuMuhariM\SEMESTER 4\PEMWeb III\ci4ajax_wm\system\Database\BaseBuilder.php(1629): CodeIgniter\Database\BaseConnection->query('SELECT *\nFROM `...', Array, false)
#4 D:\A_WahyuMuhariM\SEMESTER 4\PEMWeb III\ci4ajax_wm\system\Model.php(275): CodeIgniter\Database\BaseBuilder->get()
#5 D:\A_WahyuMuhariM\SEMESTER 4\PEMWeb III\ci4ajax_wm\system\BaseModel.php(676): CodeIgniter\Model->doFindAll(0, 0)
#6 D:\A_WahyuMuhariM\SEMESTER 4\PEMWeb III\ci4ajax_wm\app\Controllers\Mahasiswa.php(19): CodeIgniter\BaseModel->findAll()
#7 D:\A_WahyuMuhariM\SEMESTER 4\PEMWeb III\ci4ajax_wm\system\CodeIgniter.php(933): App\Controllers\Mahasiswa->ambildata()
#8 D:\A_WahyuMuhariM\SEMESTER 4\PEMWeb III\ci4ajax_wm\system\CodeIgniter.php(509): CodeIgniter\CodeIgniter->runController(Object(App\Controllers\Mahasiswa))
#9 D:\A_WahyuMuhariM\SEMESTER 4\PEMWeb III\ci4ajax_wm\system\CodeIgniter.php(355): CodeIgniter\CodeIgniter->handleRequest(NULL, Object(Config\Cache), false)
#10 D:\A_WahyuMuhariM\SEMESTER 4\PEMWeb III\ci4ajax_wm\system\Boot.php(312): CodeIgniter\CodeIgniter->run()
#11 D:\A_WahyuMuhariM\SEMESTER 4\PEMWeb III\ci4ajax_wm\system\Boot.php(67): CodeIgniter\Boot::runCodeIgniter(Object(CodeIgniter\CodeIgniter))
#12 D:\A_WahyuMuhariM\SEMESTER 4\PEMWeb III\ci4ajax_wm\public\index.php(56): CodeIgniter\Boot::bootWeb(Object(Config\Paths))
#13 D:\A_WahyuMuhariM\SEMESTER 4\PEMWeb III\ci4ajax_wm\system\Commands\Server\rewrite.php(49): require_once('D:\\A_WahyuMuhar...')
#14 {main}

Next CodeIgniter\Database\Exceptions\DatabaseException: No connection could be made because the target machine actively refused it in D:\A_WahyuMuhariM\SEMESTER 4\PEMWeb III\ci4ajax_wm\system\Database\MySQLi\Connection.php:231
Stack trace:
#0 D:\A_WahyuMuhariM\SEMESTER 4\PEMWeb III\ci4ajax_wm\system\Database\BaseConnection.php(421): CodeIgniter\Database\MySQLi\Connection->connect(false)
#1 D:\A_WahyuMuhariM\SEMESTER 4\PEMWeb III\ci4ajax_wm\system\Database\BaseConnection.php(604): CodeIgniter\Database\BaseConnection->initialize()
#2 D:\A_WahyuMuhariM\SEMESTER 4\PEMWeb III\ci4ajax_wm\system\Database\BaseBuilder.php(1629): CodeIgniter\Database\BaseConnection->query('SELECT *\nFROM `...', Array, false)
#3 D:\A_WahyuMuhariM\SEMESTER 4\PEMWeb III\ci4ajax_wm\system\Model.php(275): CodeIgniter\Database\BaseBuilder->get()
#4 D:\A_WahyuMuhariM\SEMESTER 4\PEMWeb III\ci4ajax_wm\system\BaseModel.php(676): CodeIgniter\Model->doFindAll(0, 0)
#5 D:\A_WahyuMuhariM\SEMESTER 4\PEMWeb III\ci4ajax_wm\app\Controllers\Mahasiswa.php(19): CodeIgniter\BaseModel->findAll()
#6 D:\A_WahyuMuhariM\SEMESTER 4\PEMWeb III\ci4ajax_wm\system\CodeIgniter.php(933): App\Controllers\Mahasiswa->ambildata()
#7 D:\A_WahyuMuhariM\SEMESTER 4\PEMWeb III\ci4ajax_wm\system\CodeIgniter.php(509): CodeIgniter\CodeIgniter->runController(Object(App\Controllers\Mahasiswa))
#8 D:\A_WahyuMuhariM\SEMESTER 4\PEMWeb III\ci4ajax_wm\system\CodeIgniter.php(355): CodeIgniter\CodeIgniter->handleRequest(NULL, Object(Config\Cache), false)
#9 D:\A_WahyuMuhariM\SEMESTER 4\PEMWeb III\ci4ajax_wm\system\Boot.php(312): CodeIgniter\CodeIgniter->run()
#10 D:\A_WahyuMuhariM\SEMESTER 4\PEMWeb III\ci4ajax_wm\system\Boot.php(67): CodeIgniter\Boot::runCodeIgniter(Object(CodeIgniter\CodeIgniter))
#11 D:\A_WahyuMuhariM\SEMESTER 4\PEMWeb III\ci4ajax_wm\public\index.php(56): CodeIgniter\Boot::bootWeb(Object(Config\Paths))
#12 D:\A_WahyuMuhariM\SEMESTER 4\PEMWeb III\ci4ajax_wm\system\Commands\Server\rewrite.php(49): require_once('D:\\A_WahyuMuhar...')
#13 {main}
CRITICAL - 2024-06-19 03:53:15 --> CodeIgniter\Database\Exceptions\DatabaseException: Unable to connect to the database.
Main connection [MySQLi]: No connection could be made because the target machine actively refused it
[Method: GET, Route: Mahasiswa/ambildata]
in SYSTEMPATH\Database\BaseConnection.php on line 457.
 1 SYSTEMPATH\Database\BaseConnection.php(604): CodeIgniter\Database\BaseConnection->initialize()
 2 SYSTEMPATH\Database\BaseBuilder.php(1629): CodeIgniter\Database\BaseConnection->query('SELECT *
FROM `mahasiswa046`', [], false)
 3 SYSTEMPATH\Model.php(275): CodeIgniter\Database\BaseBuilder->get()
 4 SYSTEMPATH\BaseModel.php(676): CodeIgniter\Model->doFindAll(0, 0)
 5 APPPATH\Controllers\Mahasiswa.php(19): CodeIgniter\BaseModel->findAll()
 6 SYSTEMPATH\CodeIgniter.php(933): App\Controllers\Mahasiswa->ambildata()
 7 SYSTEMPATH\CodeIgniter.php(509): CodeIgniter\CodeIgniter->runController(Object(App\Controllers\Mahasiswa))
 8 SYSTEMPATH\CodeIgniter.php(355): CodeIgniter\CodeIgniter->handleRequest(null, Object(Config\Cache), false)
 9 SYSTEMPATH\Boot.php(312): CodeIgniter\CodeIgniter->run()
10 SYSTEMPATH\Boot.php(67): CodeIgniter\Boot::runCodeIgniter(Object(CodeIgniter\CodeIgniter))
11 FCPATH\index.php(56): CodeIgniter\Boot::bootWeb(Object(Config\Paths))
12 SYSTEMPATH\Commands\Server\rewrite.php(49): require_once('D:\\A_WahyuMuhariM\\SEMESTER 4\\PEMWeb III\\ci4ajax_wm\\public\\index.php')
CRITICAL - 2024-06-19 04:22:08 --> ErrorException: Undefined array key "id_mahasiswa"
[Method: GET, Route: Mahasiswa/ambildata]
in APPPATH\Views\mahasiswa\datamahasiswa.php on line 23.
 1 APPPATH\Views\mahasiswa\datamahasiswa.php(23): CodeIgniter\Debug\Exceptions->errorHandler(2, 'Undefined array key "id_mahasiswa"', 'D:\\A_WahyuMuhariM\\SEMESTER 4\\PEMWeb III\\ci4ajax_wm\\app\\Views\\mahasiswa\\datamahasiswa.php', 23)
 2 SYSTEMPATH\View\View.php(234): include('D:\\A_WahyuMuhariM\\SEMESTER 4\\PEMWeb III\\ci4ajax_wm\\app\\Views\\mahasiswa\\datamahasiswa.php')
 3 SYSTEMPATH\View\View.php(237): CodeIgniter\View\View->CodeIgniter\View\{closure}()
 4 SYSTEMPATH\Common.php(1171): CodeIgniter\View\View->render('Mahasiswa/datamahasiswa', [], true)
 5 APPPATH\Controllers\Mahasiswa.php(22): view('Mahasiswa/datamahasiswa', [...])
 6 SYSTEMPATH\CodeIgniter.php(933): App\Controllers\Mahasiswa->ambildata()
 7 SYSTEMPATH\CodeIgniter.php(509): CodeIgniter\CodeIgniter->runController(Object(App\Controllers\Mahasiswa))
 8 SYSTEMPATH\CodeIgniter.php(355): CodeIgniter\CodeIgniter->handleRequest(null, Object(Config\Cache), false)
 9 SYSTEMPATH\Boot.php(312): CodeIgniter\CodeIgniter->run()
10 SYSTEMPATH\Boot.php(67): CodeIgniter\Boot::runCodeIgniter(Object(CodeIgniter\CodeIgniter))
11 FCPATH\index.php(56): CodeIgniter\Boot::bootWeb(Object(Config\Paths))
12 SYSTEMPATH\Commands\Server\rewrite.php(49): require_once('D:\\A_WahyuMuhariM\\SEMESTER 4\\PEMWeb III\\ci4ajax_wm\\public\\index.php')
