ERROR - 2024-06-12 03:53:41 --> Error connecting to the database: mysqli_sql_exception: No connection could be made because the target machine actively refused it in D:\A_WahyuMuhariM\SEMESTER 4\PEMWeb III\ci4ajax_wm\system\Database\MySQLi\Connection.php:186
Stack trace:
#0 D:\A_WahyuMuhariM\SEMESTER 4\PEMWeb III\ci4ajax_wm\system\Database\MySQLi\Connection.php(186): mysqli->real_connect('localhost', 'root', Object(SensitiveParameterValue), 'dbci4ajax060', 3306, '', 0)
#1 D:\A_WahyuMuhariM\SEMESTER 4\PEMWeb III\ci4ajax_wm\system\Database\BaseConnection.php(421): CodeIgniter\Database\MySQLi\Connection->connect(false)
#2 D:\A_WahyuMuhariM\SEMESTER 4\PEMWeb III\ci4ajax_wm\system\Database\BaseConnection.php(604): CodeIgniter\Database\BaseConnection->initialize()
#3 D:\A_WahyuMuhariM\SEMESTER 4\PEMWeb III\ci4ajax_wm\system\Database\BaseBuilder.php(1629): CodeIgniter\Database\BaseConnection->query('SELECT *\nFROM `...', Array, false)
#4 D:\A_WahyuMuhariM\SEMESTER 4\PEMWeb III\ci4ajax_wm\system\Model.php(275): CodeIgniter\Database\BaseBuilder->get()
#5 D:\A_WahyuMuhariM\SEMESTER 4\PEMWeb III\ci4ajax_wm\system\BaseModel.php(676): CodeIgniter\Model->doFindAll(0, 0)
#6 D:\A_WahyuMuhariM\SEMESTER 4\PEMWeb III\ci4ajax_wm\app\Controllers\Mahasiswa.php(19): CodeIgniter\BaseModel->findAll()
#7 D:\A_WahyuMuhariM\SEMESTER 4\PEMWeb III\ci4ajax_wm\system\CodeIgniter.php(933): App\Controllers\Mahasiswa->ambildata()
#8 D:\A_WahyuMuhariM\SEMESTER 4\PEMWeb III\ci4ajax_wm\system\CodeIgniter.php(509): CodeIgniter\CodeIgniter->runController(Object(App\Controllers\Mahasiswa))
#9 D:\A_WahyuMuhariM\SEMESTER 4\PEMWeb III\ci4ajax_wm\system\CodeIgniter.php(355): CodeIgniter\CodeIgniter->handleRequest(NULL, Object(Config\Cache), false)
#10 D:\A_WahyuMuhariM\SEMESTER 4\PEMWeb III\ci4ajax_wm\system\Boot.php(312): CodeIgniter\CodeIgniter->run()
#11 D:\A_WahyuMuhariM\SEMESTER 4\PEMWeb III\ci4ajax_wm\system\Boot.php(67): CodeIgniter\Boot::runCodeIgniter(Object(CodeIgniter\CodeIgniter))
#12 D:\A_WahyuMuhariM\SEMESTER 4\PEMWeb III\ci4ajax_wm\public\index.php(56): CodeIgniter\Boot::bootWeb(Object(Config\Paths))
#13 D:\A_WahyuMuhariM\SEMESTER 4\PEMWeb III\ci4ajax_wm\system\Commands\Server\rewrite.php(49): require_once('D:\\A_WahyuMuhar...')
#14 {main}

Next CodeIgniter\Database\Exceptions\DatabaseException: No connection could be made because the target machine actively refused it in D:\A_WahyuMuhariM\SEMESTER 4\PEMWeb III\ci4ajax_wm\system\Database\MySQLi\Connection.php:231
Stack trace:
#0 D:\A_WahyuMuhariM\SEMESTER 4\PEMWeb III\ci4ajax_wm\system\Database\BaseConnection.php(421): CodeIgniter\Database\MySQLi\Connection->connect(false)
#1 D:\A_WahyuMuhariM\SEMESTER 4\PEMWeb III\ci4ajax_wm\system\Database\BaseConnection.php(604): CodeIgniter\Database\BaseConnection->initialize()
#2 D:\A_WahyuMuhariM\SEMESTER 4\PEMWeb III\ci4ajax_wm\system\Database\BaseBuilder.php(1629): CodeIgniter\Database\BaseConnection->query('SELECT *\nFROM `...', Array, false)
#3 D:\A_WahyuMuhariM\SEMESTER 4\PEMWeb III\ci4ajax_wm\system\Model.php(275): CodeIgniter\Database\BaseBuilder->get()
#4 D:\A_WahyuMuhariM\SEMESTER 4\PEMWeb III\ci4ajax_wm\system\BaseModel.php(676): CodeIgniter\Model->doFindAll(0, 0)
#5 D:\A_WahyuMuhariM\SEMESTER 4\PEMWeb III\ci4ajax_wm\app\Controllers\Mahasiswa.php(19): CodeIgniter\BaseModel->findAll()
#6 D:\A_WahyuMuhariM\SEMESTER 4\PEMWeb III\ci4ajax_wm\system\CodeIgniter.php(933): App\Controllers\Mahasiswa->ambildata()
#7 D:\A_WahyuMuhariM\SEMESTER 4\PEMWeb III\ci4ajax_wm\system\CodeIgniter.php(509): CodeIgniter\CodeIgniter->runController(Object(App\Controllers\Mahasiswa))
#8 D:\A_WahyuMuhariM\SEMESTER 4\PEMWeb III\ci4ajax_wm\system\CodeIgniter.php(355): CodeIgniter\CodeIgniter->handleRequest(NULL, Object(Config\Cache), false)
#9 D:\A_WahyuMuhariM\SEMESTER 4\PEMWeb III\ci4ajax_wm\system\Boot.php(312): CodeIgniter\CodeIgniter->run()
#10 D:\A_WahyuMuhariM\SEMESTER 4\PEMWeb III\ci4ajax_wm\system\Boot.php(67): CodeIgniter\Boot::runCodeIgniter(Object(CodeIgniter\CodeIgniter))
#11 D:\A_WahyuMuhariM\SEMESTER 4\PEMWeb III\ci4ajax_wm\public\index.php(56): CodeIgniter\Boot::bootWeb(Object(Config\Paths))
#12 D:\A_WahyuMuhariM\SEMESTER 4\PEMWeb III\ci4ajax_wm\system\Commands\Server\rewrite.php(49): require_once('D:\\A_WahyuMuhar...')
#13 {main}
CRITICAL - 2024-06-12 03:53:41 --> CodeIgniter\Database\Exceptions\DatabaseException: Unable to connect to the database.
Main connection [MySQLi]: No connection could be made because the target machine actively refused it
[Method: GET, Route: Mahasiswa/ambildata]
in SYSTEMPATH\Database\BaseConnection.php on line 457.
 1 SYSTEMPATH\Database\BaseConnection.php(604): CodeIgniter\Database\BaseConnection->initialize()
 2 SYSTEMPATH\Database\BaseBuilder.php(1629): CodeIgniter\Database\BaseConnection->query('SELECT *
FROM `mahasiswa060`', [], false)
 3 SYSTEMPATH\Model.php(275): CodeIgniter\Database\BaseBuilder->get()
 4 SYSTEMPATH\BaseModel.php(676): CodeIgniter\Model->doFindAll(0, 0)
 5 APPPATH\Controllers\Mahasiswa.php(19): CodeIgniter\BaseModel->findAll()
 6 SYSTEMPATH\CodeIgniter.php(933): App\Controllers\Mahasiswa->ambildata()
 7 SYSTEMPATH\CodeIgniter.php(509): CodeIgniter\CodeIgniter->runController(Object(App\Controllers\Mahasiswa))
 8 SYSTEMPATH\CodeIgniter.php(355): CodeIgniter\CodeIgniter->handleRequest(null, Object(Config\Cache), false)
 9 SYSTEMPATH\Boot.php(312): CodeIgniter\CodeIgniter->run()
10 SYSTEMPATH\Boot.php(67): CodeIgniter\Boot::runCodeIgniter(Object(CodeIgniter\CodeIgniter))
11 FCPATH\index.php(56): CodeIgniter\Boot::bootWeb(Object(Config\Paths))
12 SYSTEMPATH\Commands\Server\rewrite.php(49): require_once('D:\\A_WahyuMuhariM\\SEMESTER 4\\PEMWeb III\\ci4ajax_wm\\public\\index.php')
ERROR - 2024-06-12 03:56:09 --> mysqli_sql_exception: Table 'dbci4ajax046.mahasiswa060' doesn't exist in D:\A_WahyuMuhariM\SEMESTER 4\PEMWeb III\ci4ajax_wm\system\Database\MySQLi\Connection.php:308
Stack trace:
#0 D:\A_WahyuMuhariM\SEMESTER 4\PEMWeb III\ci4ajax_wm\system\Database\MySQLi\Connection.php(308): mysqli->query('SELECT *\nFROM `...', 0)
#1 D:\A_WahyuMuhariM\SEMESTER 4\PEMWeb III\ci4ajax_wm\system\Database\BaseConnection.php(722): CodeIgniter\Database\MySQLi\Connection->execute('SELECT *\nFROM `...')
#2 D:\A_WahyuMuhariM\SEMESTER 4\PEMWeb III\ci4ajax_wm\system\Database\BaseConnection.php(636): CodeIgniter\Database\BaseConnection->simpleQuery('SELECT *\nFROM `...')
#3 D:\A_WahyuMuhariM\SEMESTER 4\PEMWeb III\ci4ajax_wm\system\Database\BaseBuilder.php(1629): CodeIgniter\Database\BaseConnection->query('SELECT *\nFROM `...', Array, false)
#4 D:\A_WahyuMuhariM\SEMESTER 4\PEMWeb III\ci4ajax_wm\system\Model.php(275): CodeIgniter\Database\BaseBuilder->get()
#5 D:\A_WahyuMuhariM\SEMESTER 4\PEMWeb III\ci4ajax_wm\system\BaseModel.php(676): CodeIgniter\Model->doFindAll(0, 0)
#6 D:\A_WahyuMuhariM\SEMESTER 4\PEMWeb III\ci4ajax_wm\app\Controllers\Mahasiswa.php(19): CodeIgniter\BaseModel->findAll()
#7 D:\A_WahyuMuhariM\SEMESTER 4\PEMWeb III\ci4ajax_wm\system\CodeIgniter.php(933): App\Controllers\Mahasiswa->ambildata()
#8 D:\A_WahyuMuhariM\SEMESTER 4\PEMWeb III\ci4ajax_wm\system\CodeIgniter.php(509): CodeIgniter\CodeIgniter->runController(Object(App\Controllers\Mahasiswa))
#9 D:\A_WahyuMuhariM\SEMESTER 4\PEMWeb III\ci4ajax_wm\system\CodeIgniter.php(355): CodeIgniter\CodeIgniter->handleRequest(NULL, Object(Config\Cache), false)
#10 D:\A_WahyuMuhariM\SEMESTER 4\PEMWeb III\ci4ajax_wm\system\Boot.php(312): CodeIgniter\CodeIgniter->run()
#11 D:\A_WahyuMuhariM\SEMESTER 4\PEMWeb III\ci4ajax_wm\system\Boot.php(67): CodeIgniter\Boot::runCodeIgniter(Object(CodeIgniter\CodeIgniter))
#12 D:\A_WahyuMuhariM\SEMESTER 4\PEMWeb III\ci4ajax_wm\public\index.php(56): CodeIgniter\Boot::bootWeb(Object(Config\Paths))
#13 D:\A_WahyuMuhariM\SEMESTER 4\PEMWeb III\ci4ajax_wm\system\Commands\Server\rewrite.php(49): require_once('D:\\A_WahyuMuhar...')
#14 {main}
CRITICAL - 2024-06-12 03:56:09 --> CodeIgniter\Database\Exceptions\DatabaseException: Table 'dbci4ajax046.mahasiswa060' doesn't exist
[Method: GET, Route: Mahasiswa/ambildata]
in SYSTEMPATH\Database\BaseConnection.php on line 676.
 1 SYSTEMPATH\Database\BaseBuilder.php(1629): CodeIgniter\Database\BaseConnection->query('SELECT *
FROM `mahasiswa060`', [], false)
 2 SYSTEMPATH\Model.php(275): CodeIgniter\Database\BaseBuilder->get()
 3 SYSTEMPATH\BaseModel.php(676): CodeIgniter\Model->doFindAll(0, 0)
 4 APPPATH\Controllers\Mahasiswa.php(19): CodeIgniter\BaseModel->findAll()
 5 SYSTEMPATH\CodeIgniter.php(933): App\Controllers\Mahasiswa->ambildata()
 6 SYSTEMPATH\CodeIgniter.php(509): CodeIgniter\CodeIgniter->runController(Object(App\Controllers\Mahasiswa))
 7 SYSTEMPATH\CodeIgniter.php(355): CodeIgniter\CodeIgniter->handleRequest(null, Object(Config\Cache), false)
 8 SYSTEMPATH\Boot.php(312): CodeIgniter\CodeIgniter->run()
 9 SYSTEMPATH\Boot.php(67): CodeIgniter\Boot::runCodeIgniter(Object(CodeIgniter\CodeIgniter))
10 FCPATH\index.php(56): CodeIgniter\Boot::bootWeb(Object(Config\Paths))
11 SYSTEMPATH\Commands\Server\rewrite.php(49): require_once('D:\\A_WahyuMuhariM\\SEMESTER 4\\PEMWeb III\\ci4ajax_wm\\public\\index.php')
CRITICAL - 2024-06-12 03:56:09 --> [Caused by] CodeIgniter\Database\Exceptions\DatabaseException: Table 'dbci4ajax046.mahasiswa060' doesn't exist
in SYSTEMPATH\Database\MySQLi\Connection.php on line 313.
 1 SYSTEMPATH\Database\BaseConnection.php(722): CodeIgniter\Database\MySQLi\Connection->execute('SELECT *
FROM `mahasiswa060`')
 2 SYSTEMPATH\Database\BaseConnection.php(636): CodeIgniter\Database\BaseConnection->simpleQuery('SELECT *
FROM `mahasiswa060`')
 3 SYSTEMPATH\Database\BaseBuilder.php(1629): CodeIgniter\Database\BaseConnection->query('SELECT *
FROM `mahasiswa060`', [], false)
 4 SYSTEMPATH\Model.php(275): CodeIgniter\Database\BaseBuilder->get()
 5 SYSTEMPATH\BaseModel.php(676): CodeIgniter\Model->doFindAll(0, 0)
 6 APPPATH\Controllers\Mahasiswa.php(19): CodeIgniter\BaseModel->findAll()
 7 SYSTEMPATH\CodeIgniter.php(933): App\Controllers\Mahasiswa->ambildata()
 8 SYSTEMPATH\CodeIgniter.php(509): CodeIgniter\CodeIgniter->runController(Object(App\Controllers\Mahasiswa))
 9 SYSTEMPATH\CodeIgniter.php(355): CodeIgniter\CodeIgniter->handleRequest(null, Object(Config\Cache), false)
10 SYSTEMPATH\Boot.php(312): CodeIgniter\CodeIgniter->run()
11 SYSTEMPATH\Boot.php(67): CodeIgniter\Boot::runCodeIgniter(Object(CodeIgniter\CodeIgniter))
12 FCPATH\index.php(56): CodeIgniter\Boot::bootWeb(Object(Config\Paths))
13 SYSTEMPATH\Commands\Server\rewrite.php(49): require_once('D:\\A_WahyuMuhariM\\SEMESTER 4\\PEMWeb III\\ci4ajax_wm\\public\\index.php')
CRITICAL - 2024-06-12 03:56:09 --> [Caused by] mysqli_sql_exception: Table 'dbci4ajax046.mahasiswa060' doesn't exist
in SYSTEMPATH\Database\MySQLi\Connection.php on line 308.
 1 SYSTEMPATH\Database\MySQLi\Connection.php(308): mysqli->query('SELECT *
FROM `mahasiswa060`', 0)
 2 SYSTEMPATH\Database\BaseConnection.php(722): CodeIgniter\Database\MySQLi\Connection->execute('SELECT *
FROM `mahasiswa060`')
 3 SYSTEMPATH\Database\BaseConnection.php(636): CodeIgniter\Database\BaseConnection->simpleQuery('SELECT *
FROM `mahasiswa060`')
 4 SYSTEMPATH\Database\BaseBuilder.php(1629): CodeIgniter\Database\BaseConnection->query('SELECT *
FROM `mahasiswa060`', [], false)
 5 SYSTEMPATH\Model.php(275): CodeIgniter\Database\BaseBuilder->get()
 6 SYSTEMPATH\BaseModel.php(676): CodeIgniter\Model->doFindAll(0, 0)
 7 APPPATH\Controllers\Mahasiswa.php(19): CodeIgniter\BaseModel->findAll()
 8 SYSTEMPATH\CodeIgniter.php(933): App\Controllers\Mahasiswa->ambildata()
 9 SYSTEMPATH\CodeIgniter.php(509): CodeIgniter\CodeIgniter->runController(Object(App\Controllers\Mahasiswa))
10 SYSTEMPATH\CodeIgniter.php(355): CodeIgniter\CodeIgniter->handleRequest(null, Object(Config\Cache), false)
11 SYSTEMPATH\Boot.php(312): CodeIgniter\CodeIgniter->run()
12 SYSTEMPATH\Boot.php(67): CodeIgniter\Boot::runCodeIgniter(Object(CodeIgniter\CodeIgniter))
13 FCPATH\index.php(56): CodeIgniter\Boot::bootWeb(Object(Config\Paths))
14 SYSTEMPATH\Commands\Server\rewrite.php(49): require_once('D:\\A_WahyuMuhariM\\SEMESTER 4\\PEMWeb III\\ci4ajax_wm\\public\\index.php')
ERROR - 2024-06-12 03:57:23 --> mysqli_sql_exception: Table 'dbci4ajax046.mahasiswa060' doesn't exist in D:\A_WahyuMuhariM\SEMESTER 4\PEMWeb III\ci4ajax_wm\system\Database\MySQLi\Connection.php:308
Stack trace:
#0 D:\A_WahyuMuhariM\SEMESTER 4\PEMWeb III\ci4ajax_wm\system\Database\MySQLi\Connection.php(308): mysqli->query('SELECT *\nFROM `...', 0)
#1 D:\A_WahyuMuhariM\SEMESTER 4\PEMWeb III\ci4ajax_wm\system\Database\BaseConnection.php(722): CodeIgniter\Database\MySQLi\Connection->execute('SELECT *\nFROM `...')
#2 D:\A_WahyuMuhariM\SEMESTER 4\PEMWeb III\ci4ajax_wm\system\Database\BaseConnection.php(636): CodeIgniter\Database\BaseConnection->simpleQuery('SELECT *\nFROM `...')
#3 D:\A_WahyuMuhariM\SEMESTER 4\PEMWeb III\ci4ajax_wm\system\Database\BaseBuilder.php(1629): CodeIgniter\Database\BaseConnection->query('SELECT *\nFROM `...', Array, false)
#4 D:\A_WahyuMuhariM\SEMESTER 4\PEMWeb III\ci4ajax_wm\system\Model.php(275): CodeIgniter\Database\BaseBuilder->get()
#5 D:\A_WahyuMuhariM\SEMESTER 4\PEMWeb III\ci4ajax_wm\system\BaseModel.php(676): CodeIgniter\Model->doFindAll(0, 0)
#6 D:\A_WahyuMuhariM\SEMESTER 4\PEMWeb III\ci4ajax_wm\app\Controllers\Mahasiswa.php(19): CodeIgniter\BaseModel->findAll()
#7 D:\A_WahyuMuhariM\SEMESTER 4\PEMWeb III\ci4ajax_wm\system\CodeIgniter.php(933): App\Controllers\Mahasiswa->ambildata()
#8 D:\A_WahyuMuhariM\SEMESTER 4\PEMWeb III\ci4ajax_wm\system\CodeIgniter.php(509): CodeIgniter\CodeIgniter->runController(Object(App\Controllers\Mahasiswa))
#9 D:\A_WahyuMuhariM\SEMESTER 4\PEMWeb III\ci4ajax_wm\system\CodeIgniter.php(355): CodeIgniter\CodeIgniter->handleRequest(NULL, Object(Config\Cache), false)
#10 D:\A_WahyuMuhariM\SEMESTER 4\PEMWeb III\ci4ajax_wm\system\Boot.php(312): CodeIgniter\CodeIgniter->run()
#11 D:\A_WahyuMuhariM\SEMESTER 4\PEMWeb III\ci4ajax_wm\system\Boot.php(67): CodeIgniter\Boot::runCodeIgniter(Object(CodeIgniter\CodeIgniter))
#12 D:\A_WahyuMuhariM\SEMESTER 4\PEMWeb III\ci4ajax_wm\public\index.php(56): CodeIgniter\Boot::bootWeb(Object(Config\Paths))
#13 D:\A_WahyuMuhariM\SEMESTER 4\PEMWeb III\ci4ajax_wm\system\Commands\Server\rewrite.php(49): require_once('D:\\A_WahyuMuhar...')
#14 {main}
CRITICAL - 2024-06-12 03:57:23 --> CodeIgniter\Database\Exceptions\DatabaseException: Table 'dbci4ajax046.mahasiswa060' doesn't exist
[Method: GET, Route: Mahasiswa/ambildata]
in SYSTEMPATH\Database\BaseConnection.php on line 676.
 1 SYSTEMPATH\Database\BaseBuilder.php(1629): CodeIgniter\Database\BaseConnection->query('SELECT *
FROM `mahasiswa060`', [], false)
 2 SYSTEMPATH\Model.php(275): CodeIgniter\Database\BaseBuilder->get()
 3 SYSTEMPATH\BaseModel.php(676): CodeIgniter\Model->doFindAll(0, 0)
 4 APPPATH\Controllers\Mahasiswa.php(19): CodeIgniter\BaseModel->findAll()
 5 SYSTEMPATH\CodeIgniter.php(933): App\Controllers\Mahasiswa->ambildata()
 6 SYSTEMPATH\CodeIgniter.php(509): CodeIgniter\CodeIgniter->runController(Object(App\Controllers\Mahasiswa))
 7 SYSTEMPATH\CodeIgniter.php(355): CodeIgniter\CodeIgniter->handleRequest(null, Object(Config\Cache), false)
 8 SYSTEMPATH\Boot.php(312): CodeIgniter\CodeIgniter->run()
 9 SYSTEMPATH\Boot.php(67): CodeIgniter\Boot::runCodeIgniter(Object(CodeIgniter\CodeIgniter))
10 FCPATH\index.php(56): CodeIgniter\Boot::bootWeb(Object(Config\Paths))
11 SYSTEMPATH\Commands\Server\rewrite.php(49): require_once('D:\\A_WahyuMuhariM\\SEMESTER 4\\PEMWeb III\\ci4ajax_wm\\public\\index.php')
CRITICAL - 2024-06-12 03:57:23 --> [Caused by] CodeIgniter\Database\Exceptions\DatabaseException: Table 'dbci4ajax046.mahasiswa060' doesn't exist
in SYSTEMPATH\Database\MySQLi\Connection.php on line 313.
 1 SYSTEMPATH\Database\BaseConnection.php(722): CodeIgniter\Database\MySQLi\Connection->execute('SELECT *
FROM `mahasiswa060`')
 2 SYSTEMPATH\Database\BaseConnection.php(636): CodeIgniter\Database\BaseConnection->simpleQuery('SELECT *
FROM `mahasiswa060`')
 3 SYSTEMPATH\Database\BaseBuilder.php(1629): CodeIgniter\Database\BaseConnection->query('SELECT *
FROM `mahasiswa060`', [], false)
 4 SYSTEMPATH\Model.php(275): CodeIgniter\Database\BaseBuilder->get()
 5 SYSTEMPATH\BaseModel.php(676): CodeIgniter\Model->doFindAll(0, 0)
 6 APPPATH\Controllers\Mahasiswa.php(19): CodeIgniter\BaseModel->findAll()
 7 SYSTEMPATH\CodeIgniter.php(933): App\Controllers\Mahasiswa->ambildata()
 8 SYSTEMPATH\CodeIgniter.php(509): CodeIgniter\CodeIgniter->runController(Object(App\Controllers\Mahasiswa))
 9 SYSTEMPATH\CodeIgniter.php(355): CodeIgniter\CodeIgniter->handleRequest(null, Object(Config\Cache), false)
10 SYSTEMPATH\Boot.php(312): CodeIgniter\CodeIgniter->run()
11 SYSTEMPATH\Boot.php(67): CodeIgniter\Boot::runCodeIgniter(Object(CodeIgniter\CodeIgniter))
12 FCPATH\index.php(56): CodeIgniter\Boot::bootWeb(Object(Config\Paths))
13 SYSTEMPATH\Commands\Server\rewrite.php(49): require_once('D:\\A_WahyuMuhariM\\SEMESTER 4\\PEMWeb III\\ci4ajax_wm\\public\\index.php')
CRITICAL - 2024-06-12 03:57:23 --> [Caused by] mysqli_sql_exception: Table 'dbci4ajax046.mahasiswa060' doesn't exist
in SYSTEMPATH\Database\MySQLi\Connection.php on line 308.
 1 SYSTEMPATH\Database\MySQLi\Connection.php(308): mysqli->query('SELECT *
FROM `mahasiswa060`', 0)
 2 SYSTEMPATH\Database\BaseConnection.php(722): CodeIgniter\Database\MySQLi\Connection->execute('SELECT *
FROM `mahasiswa060`')
 3 SYSTEMPATH\Database\BaseConnection.php(636): CodeIgniter\Database\BaseConnection->simpleQuery('SELECT *
FROM `mahasiswa060`')
 4 SYSTEMPATH\Database\BaseBuilder.php(1629): CodeIgniter\Database\BaseConnection->query('SELECT *
FROM `mahasiswa060`', [], false)
 5 SYSTEMPATH\Model.php(275): CodeIgniter\Database\BaseBuilder->get()
 6 SYSTEMPATH\BaseModel.php(676): CodeIgniter\Model->doFindAll(0, 0)
 7 APPPATH\Controllers\Mahasiswa.php(19): CodeIgniter\BaseModel->findAll()
 8 SYSTEMPATH\CodeIgniter.php(933): App\Controllers\Mahasiswa->ambildata()
 9 SYSTEMPATH\CodeIgniter.php(509): CodeIgniter\CodeIgniter->runController(Object(App\Controllers\Mahasiswa))
10 SYSTEMPATH\CodeIgniter.php(355): CodeIgniter\CodeIgniter->handleRequest(null, Object(Config\Cache), false)
11 SYSTEMPATH\Boot.php(312): CodeIgniter\CodeIgniter->run()
12 SYSTEMPATH\Boot.php(67): CodeIgniter\Boot::runCodeIgniter(Object(CodeIgniter\CodeIgniter))
13 FCPATH\index.php(56): CodeIgniter\Boot::bootWeb(Object(Config\Paths))
14 SYSTEMPATH\Commands\Server\rewrite.php(49): require_once('D:\\A_WahyuMuhariM\\SEMESTER 4\\PEMWeb III\\ci4ajax_wm\\public\\index.php')
ERROR - 2024-06-12 03:58:44 --> mysqli_sql_exception: Table 'dbci4ajax046.mahasiswa060' doesn't exist in D:\A_WahyuMuhariM\SEMESTER 4\PEMWeb III\ci4ajax_wm\system\Database\MySQLi\Connection.php:308
Stack trace:
#0 D:\A_WahyuMuhariM\SEMESTER 4\PEMWeb III\ci4ajax_wm\system\Database\MySQLi\Connection.php(308): mysqli->query('SELECT *\nFROM `...', 0)
#1 D:\A_WahyuMuhariM\SEMESTER 4\PEMWeb III\ci4ajax_wm\system\Database\BaseConnection.php(722): CodeIgniter\Database\MySQLi\Connection->execute('SELECT *\nFROM `...')
#2 D:\A_WahyuMuhariM\SEMESTER 4\PEMWeb III\ci4ajax_wm\system\Database\BaseConnection.php(636): CodeIgniter\Database\BaseConnection->simpleQuery('SELECT *\nFROM `...')
#3 D:\A_WahyuMuhariM\SEMESTER 4\PEMWeb III\ci4ajax_wm\system\Database\BaseBuilder.php(1629): CodeIgniter\Database\BaseConnection->query('SELECT *\nFROM `...', Array, false)
#4 D:\A_WahyuMuhariM\SEMESTER 4\PEMWeb III\ci4ajax_wm\system\Model.php(275): CodeIgniter\Database\BaseBuilder->get()
#5 D:\A_WahyuMuhariM\SEMESTER 4\PEMWeb III\ci4ajax_wm\system\BaseModel.php(676): CodeIgniter\Model->doFindAll(0, 0)
#6 D:\A_WahyuMuhariM\SEMESTER 4\PEMWeb III\ci4ajax_wm\app\Controllers\Mahasiswa.php(19): CodeIgniter\BaseModel->findAll()
#7 D:\A_WahyuMuhariM\SEMESTER 4\PEMWeb III\ci4ajax_wm\system\CodeIgniter.php(933): App\Controllers\Mahasiswa->ambildata()
#8 D:\A_WahyuMuhariM\SEMESTER 4\PEMWeb III\ci4ajax_wm\system\CodeIgniter.php(509): CodeIgniter\CodeIgniter->runController(Object(App\Controllers\Mahasiswa))
#9 D:\A_WahyuMuhariM\SEMESTER 4\PEMWeb III\ci4ajax_wm\system\CodeIgniter.php(355): CodeIgniter\CodeIgniter->handleRequest(NULL, Object(Config\Cache), false)
#10 D:\A_WahyuMuhariM\SEMESTER 4\PEMWeb III\ci4ajax_wm\system\Boot.php(312): CodeIgniter\CodeIgniter->run()
#11 D:\A_WahyuMuhariM\SEMESTER 4\PEMWeb III\ci4ajax_wm\system\Boot.php(67): CodeIgniter\Boot::runCodeIgniter(Object(CodeIgniter\CodeIgniter))
#12 D:\A_WahyuMuhariM\SEMESTER 4\PEMWeb III\ci4ajax_wm\public\index.php(56): CodeIgniter\Boot::bootWeb(Object(Config\Paths))
#13 D:\A_WahyuMuhariM\SEMESTER 4\PEMWeb III\ci4ajax_wm\system\Commands\Server\rewrite.php(49): require_once('D:\\A_WahyuMuhar...')
#14 {main}
CRITICAL - 2024-06-12 03:58:44 --> CodeIgniter\Database\Exceptions\DatabaseException: Table 'dbci4ajax046.mahasiswa060' doesn't exist
[Method: GET, Route: Mahasiswa/ambildata]
in SYSTEMPATH\Database\BaseConnection.php on line 676.
 1 SYSTEMPATH\Database\BaseBuilder.php(1629): CodeIgniter\Database\BaseConnection->query('SELECT *
FROM `mahasiswa060`', [], false)
 2 SYSTEMPATH\Model.php(275): CodeIgniter\Database\BaseBuilder->get()
 3 SYSTEMPATH\BaseModel.php(676): CodeIgniter\Model->doFindAll(0, 0)
 4 APPPATH\Controllers\Mahasiswa.php(19): CodeIgniter\BaseModel->findAll()
 5 SYSTEMPATH\CodeIgniter.php(933): App\Controllers\Mahasiswa->ambildata()
 6 SYSTEMPATH\CodeIgniter.php(509): CodeIgniter\CodeIgniter->runController(Object(App\Controllers\Mahasiswa))
 7 SYSTEMPATH\CodeIgniter.php(355): CodeIgniter\CodeIgniter->handleRequest(null, Object(Config\Cache), false)
 8 SYSTEMPATH\Boot.php(312): CodeIgniter\CodeIgniter->run()
 9 SYSTEMPATH\Boot.php(67): CodeIgniter\Boot::runCodeIgniter(Object(CodeIgniter\CodeIgniter))
10 FCPATH\index.php(56): CodeIgniter\Boot::bootWeb(Object(Config\Paths))
11 SYSTEMPATH\Commands\Server\rewrite.php(49): require_once('D:\\A_WahyuMuhariM\\SEMESTER 4\\PEMWeb III\\ci4ajax_wm\\public\\index.php')
CRITICAL - 2024-06-12 03:58:44 --> [Caused by] CodeIgniter\Database\Exceptions\DatabaseException: Table 'dbci4ajax046.mahasiswa060' doesn't exist
in SYSTEMPATH\Database\MySQLi\Connection.php on line 313.
 1 SYSTEMPATH\Database\BaseConnection.php(722): CodeIgniter\Database\MySQLi\Connection->execute('SELECT *
FROM `mahasiswa060`')
 2 SYSTEMPATH\Database\BaseConnection.php(636): CodeIgniter\Database\BaseConnection->simpleQuery('SELECT *
FROM `mahasiswa060`')
 3 SYSTEMPATH\Database\BaseBuilder.php(1629): CodeIgniter\Database\BaseConnection->query('SELECT *
FROM `mahasiswa060`', [], false)
 4 SYSTEMPATH\Model.php(275): CodeIgniter\Database\BaseBuilder->get()
 5 SYSTEMPATH\BaseModel.php(676): CodeIgniter\Model->doFindAll(0, 0)
 6 APPPATH\Controllers\Mahasiswa.php(19): CodeIgniter\BaseModel->findAll()
 7 SYSTEMPATH\CodeIgniter.php(933): App\Controllers\Mahasiswa->ambildata()
 8 SYSTEMPATH\CodeIgniter.php(509): CodeIgniter\CodeIgniter->runController(Object(App\Controllers\Mahasiswa))
 9 SYSTEMPATH\CodeIgniter.php(355): CodeIgniter\CodeIgniter->handleRequest(null, Object(Config\Cache), false)
10 SYSTEMPATH\Boot.php(312): CodeIgniter\CodeIgniter->run()
11 SYSTEMPATH\Boot.php(67): CodeIgniter\Boot::runCodeIgniter(Object(CodeIgniter\CodeIgniter))
12 FCPATH\index.php(56): CodeIgniter\Boot::bootWeb(Object(Config\Paths))
13 SYSTEMPATH\Commands\Server\rewrite.php(49): require_once('D:\\A_WahyuMuhariM\\SEMESTER 4\\PEMWeb III\\ci4ajax_wm\\public\\index.php')
CRITICAL - 2024-06-12 03:58:44 --> [Caused by] mysqli_sql_exception: Table 'dbci4ajax046.mahasiswa060' doesn't exist
in SYSTEMPATH\Database\MySQLi\Connection.php on line 308.
 1 SYSTEMPATH\Database\MySQLi\Connection.php(308): mysqli->query('SELECT *
FROM `mahasiswa060`', 0)
 2 SYSTEMPATH\Database\BaseConnection.php(722): CodeIgniter\Database\MySQLi\Connection->execute('SELECT *
FROM `mahasiswa060`')
 3 SYSTEMPATH\Database\BaseConnection.php(636): CodeIgniter\Database\BaseConnection->simpleQuery('SELECT *
FROM `mahasiswa060`')
 4 SYSTEMPATH\Database\BaseBuilder.php(1629): CodeIgniter\Database\BaseConnection->query('SELECT *
FROM `mahasiswa060`', [], false)
 5 SYSTEMPATH\Model.php(275): CodeIgniter\Database\BaseBuilder->get()
 6 SYSTEMPATH\BaseModel.php(676): CodeIgniter\Model->doFindAll(0, 0)
 7 APPPATH\Controllers\Mahasiswa.php(19): CodeIgniter\BaseModel->findAll()
 8 SYSTEMPATH\CodeIgniter.php(933): App\Controllers\Mahasiswa->ambildata()
 9 SYSTEMPATH\CodeIgniter.php(509): CodeIgniter\CodeIgniter->runController(Object(App\Controllers\Mahasiswa))
10 SYSTEMPATH\CodeIgniter.php(355): CodeIgniter\CodeIgniter->handleRequest(null, Object(Config\Cache), false)
11 SYSTEMPATH\Boot.php(312): CodeIgniter\CodeIgniter->run()
12 SYSTEMPATH\Boot.php(67): CodeIgniter\Boot::runCodeIgniter(Object(CodeIgniter\CodeIgniter))
13 FCPATH\index.php(56): CodeIgniter\Boot::bootWeb(Object(Config\Paths))
14 SYSTEMPATH\Commands\Server\rewrite.php(49): require_once('D:\\A_WahyuMuhariM\\SEMESTER 4\\PEMWeb III\\ci4ajax_wm\\public\\index.php')
CRITICAL - 2024-06-12 04:21:49 --> ParseError: syntax error, unexpected token "}"
[Method: GET, Route: Mahasiswa/formtambah]
in APPPATH\Controllers\Mahasiswa.php on line 145.
 1 SYSTEMPATH\Autoloader\Autoloader.php(296): CodeIgniter\Autoloader\Autoloader->includeFile('D:\\A_WahyuMuhariM\\SEMESTER 4\\PEMWeb III\\ci4ajax_wm\\app\\Controllers\\Mahasiswa.php')
 2 SYSTEMPATH\Autoloader\Autoloader.php(272): CodeIgniter\Autoloader\Autoloader->loadInNamespace('App\\Controllers\\Mahasiswa')
 3 [internal function]: CodeIgniter\Autoloader\Autoloader->loadClass('App\\Controllers\\Mahasiswa')
 4 SYSTEMPATH\CodeIgniter.php(887): class_exists('\\App\\Controllers\\Mahasiswa', true)
 5 SYSTEMPATH\CodeIgniter.php(496): CodeIgniter\CodeIgniter->startController()
 6 SYSTEMPATH\CodeIgniter.php(355): CodeIgniter\CodeIgniter->handleRequest(null, Object(Config\Cache), false)
 7 SYSTEMPATH\Boot.php(312): CodeIgniter\CodeIgniter->run()
 8 SYSTEMPATH\Boot.php(67): CodeIgniter\Boot::runCodeIgniter(Object(CodeIgniter\CodeIgniter))
 9 FCPATH\index.php(56): CodeIgniter\Boot::bootWeb(Object(Config\Paths))
10 SYSTEMPATH\Commands\Server\rewrite.php(49): require_once('D:\\A_WahyuMuhariM\\SEMESTER 4\\PEMWeb III\\ci4ajax_wm\\public\\index.php')
CRITICAL - 2024-06-12 04:21:57 --> ParseError: syntax error, unexpected token "}"
[Method: GET, Route: Mahasiswa/formtambah]
in APPPATH\Controllers\Mahasiswa.php on line 145.
 1 SYSTEMPATH\Autoloader\Autoloader.php(296): CodeIgniter\Autoloader\Autoloader->includeFile('D:\\A_WahyuMuhariM\\SEMESTER 4\\PEMWeb III\\ci4ajax_wm\\app\\Controllers\\Mahasiswa.php')
 2 SYSTEMPATH\Autoloader\Autoloader.php(272): CodeIgniter\Autoloader\Autoloader->loadInNamespace('App\\Controllers\\Mahasiswa')
 3 [internal function]: CodeIgniter\Autoloader\Autoloader->loadClass('App\\Controllers\\Mahasiswa')
 4 SYSTEMPATH\CodeIgniter.php(887): class_exists('\\App\\Controllers\\Mahasiswa', true)
 5 SYSTEMPATH\CodeIgniter.php(496): CodeIgniter\CodeIgniter->startController()
 6 SYSTEMPATH\CodeIgniter.php(355): CodeIgniter\CodeIgniter->handleRequest(null, Object(Config\Cache), false)
 7 SYSTEMPATH\Boot.php(312): CodeIgniter\CodeIgniter->run()
 8 SYSTEMPATH\Boot.php(67): CodeIgniter\Boot::runCodeIgniter(Object(CodeIgniter\CodeIgniter))
 9 FCPATH\index.php(56): CodeIgniter\Boot::bootWeb(Object(Config\Paths))
10 SYSTEMPATH\Commands\Server\rewrite.php(49): require_once('D:\\A_WahyuMuhariM\\SEMESTER 4\\PEMWeb III\\ci4ajax_wm\\public\\index.php')
CRITICAL - 2024-06-12 06:28:46 --> ErrorException: Undefined array key "id_mahasiswa"
[Method: GET, Route: Mahasiswa/ambildata]
in APPPATH\Views\mahasiswa\datamahasiswa.php on line 23.
 1 APPPATH\Views\mahasiswa\datamahasiswa.php(23): CodeIgniter\Debug\Exceptions->errorHandler(2, 'Undefined array key "id_mahasiswa"', 'D:\\A_WahyuMuhariM\\SEMESTER 4\\PEMWeb III\\ci4ajax_wm\\app\\Views\\mahasiswa\\datamahasiswa.php', 23)
 2 SYSTEMPATH\View\View.php(234): include('D:\\A_WahyuMuhariM\\SEMESTER 4\\PEMWeb III\\ci4ajax_wm\\app\\Views\\mahasiswa\\datamahasiswa.php')
 3 SYSTEMPATH\View\View.php(237): CodeIgniter\View\View->CodeIgniter\View\{closure}()
 4 SYSTEMPATH\Common.php(1171): CodeIgniter\View\View->render('Mahasiswa/datamahasiswa', [], true)
 5 APPPATH\Controllers\Mahasiswa.php(22): view('Mahasiswa/datamahasiswa', [...])
 6 SYSTEMPATH\CodeIgniter.php(933): App\Controllers\Mahasiswa->ambildata()
 7 SYSTEMPATH\CodeIgniter.php(509): CodeIgniter\CodeIgniter->runController(Object(App\Controllers\Mahasiswa))
 8 SYSTEMPATH\CodeIgniter.php(355): CodeIgniter\CodeIgniter->handleRequest(null, Object(Config\Cache), false)
 9 SYSTEMPATH\Boot.php(312): CodeIgniter\CodeIgniter->run()
10 SYSTEMPATH\Boot.php(67): CodeIgniter\Boot::runCodeIgniter(Object(CodeIgniter\CodeIgniter))
11 FCPATH\index.php(56): CodeIgniter\Boot::bootWeb(Object(Config\Paths))
12 SYSTEMPATH\Commands\Server\rewrite.php(49): require_once('D:\\A_WahyuMuhariM\\SEMESTER 4\\PEMWeb III\\ci4ajax_wm\\public\\index.php')
