ERROR - 2024-06-29 07:23:56 --> Error connecting to the database: mysqli_sql_exception: No connection could be made because the target machine actively refused it in D:\VS CODE\ci4ajax_uas\system\Database\MySQLi\Connection.php:187
Stack trace:
#0 D:\VS CODE\ci4ajax_uas\system\Database\MySQLi\Connection.php(187): mysqli->real_connect('localhost', 'root', '', 'dbci4ajax046', 3306, '', 0)
#1 D:\VS CODE\ci4ajax_uas\system\Database\BaseConnection.php(421): CodeIgniter\Database\MySQLi\Connection->connect(false)
#2 D:\VS CODE\ci4ajax_uas\system\Database\BaseConnection.php(604): CodeIgniter\Database\BaseConnection->initialize()
#3 D:\VS CODE\ci4ajax_uas\system\Database\BaseBuilder.php(1629): CodeIgniter\Database\BaseConnection->query('SELECT *\nFROM `...', Array, false)
#4 D:\VS CODE\ci4ajax_uas\system\Model.php(275): CodeIgniter\Database\BaseBuilder->get()
#5 D:\VS CODE\ci4ajax_uas\system\BaseModel.php(676): CodeIgniter\Model->doFindAll(0, 0)
#6 D:\VS CODE\ci4ajax_uas\app\Controllers\HewanAir.php(19): CodeIgniter\BaseModel->findAll()
#7 D:\VS CODE\ci4ajax_uas\system\CodeIgniter.php(933): App\Controllers\HewanAir->ambildata()
#8 D:\VS CODE\ci4ajax_uas\system\CodeIgniter.php(509): CodeIgniter\CodeIgniter->runController(Object(App\Controllers\HewanAir))
#9 D:\VS CODE\ci4ajax_uas\system\CodeIgniter.php(355): CodeIgniter\CodeIgniter->handleRequest(NULL, Object(Config\Cache), false)
#10 D:\VS CODE\ci4ajax_uas\system\Boot.php(312): CodeIgniter\CodeIgniter->run()
#11 D:\VS CODE\ci4ajax_uas\system\Boot.php(67): CodeIgniter\Boot::runCodeIgniter(Object(CodeIgniter\CodeIgniter))
#12 D:\VS CODE\ci4ajax_uas\public\index.php(56): CodeIgniter\Boot::bootWeb(Object(Config\Paths))
#13 D:\VS CODE\ci4ajax_uas\system\Commands\Server\rewrite.php(49): require_once('D:\\VS CODE\\ci4a...')
#14 {main}

Next CodeIgniter\Database\Exceptions\DatabaseException: No connection could be made because the target machine actively refused it in D:\VS CODE\ci4ajax_uas\system\Database\MySQLi\Connection.php:231
Stack trace:
#0 D:\VS CODE\ci4ajax_uas\system\Database\BaseConnection.php(421): CodeIgniter\Database\MySQLi\Connection->connect(false)
#1 D:\VS CODE\ci4ajax_uas\system\Database\BaseConnection.php(604): CodeIgniter\Database\BaseConnection->initialize()
#2 D:\VS CODE\ci4ajax_uas\system\Database\BaseBuilder.php(1629): CodeIgniter\Database\BaseConnection->query('SELECT *\nFROM `...', Array, false)
#3 D:\VS CODE\ci4ajax_uas\system\Model.php(275): CodeIgniter\Database\BaseBuilder->get()
#4 D:\VS CODE\ci4ajax_uas\system\BaseModel.php(676): CodeIgniter\Model->doFindAll(0, 0)
#5 D:\VS CODE\ci4ajax_uas\app\Controllers\HewanAir.php(19): CodeIgniter\BaseModel->findAll()
#6 D:\VS CODE\ci4ajax_uas\system\CodeIgniter.php(933): App\Controllers\HewanAir->ambildata()
#7 D:\VS CODE\ci4ajax_uas\system\CodeIgniter.php(509): CodeIgniter\CodeIgniter->runController(Object(App\Controllers\HewanAir))
#8 D:\VS CODE\ci4ajax_uas\system\CodeIgniter.php(355): CodeIgniter\CodeIgniter->handleRequest(NULL, Object(Config\Cache), false)
#9 D:\VS CODE\ci4ajax_uas\system\Boot.php(312): CodeIgniter\CodeIgniter->run()
#10 D:\VS CODE\ci4ajax_uas\system\Boot.php(67): CodeIgniter\Boot::runCodeIgniter(Object(CodeIgniter\CodeIgniter))
#11 D:\VS CODE\ci4ajax_uas\public\index.php(56): CodeIgniter\Boot::bootWeb(Object(Config\Paths))
#12 D:\VS CODE\ci4ajax_uas\system\Commands\Server\rewrite.php(49): require_once('D:\\VS CODE\\ci4a...')
#13 {main}
CRITICAL - 2024-06-29 07:23:56 --> CodeIgniter\Database\Exceptions\DatabaseException: Unable to connect to the database.
Main connection [MySQLi]: No connection could be made because the target machine actively refused it
[Method: GET, Route: HewanAir/ambildata]
in SYSTEMPATH\Database\BaseConnection.php on line 457.
 1 SYSTEMPATH\Database\BaseConnection.php(604): CodeIgniter\Database\BaseConnection->initialize()
 2 SYSTEMPATH\Database\BaseBuilder.php(1629): CodeIgniter\Database\BaseConnection->query('SELECT *
FROM `hewan_air`', [], false)
 3 SYSTEMPATH\Model.php(275): CodeIgniter\Database\BaseBuilder->get()
 4 SYSTEMPATH\BaseModel.php(676): CodeIgniter\Model->doFindAll(0, 0)
 5 APPPATH\Controllers\HewanAir.php(19): CodeIgniter\BaseModel->findAll()
 6 SYSTEMPATH\CodeIgniter.php(933): App\Controllers\HewanAir->ambildata()
 7 SYSTEMPATH\CodeIgniter.php(509): CodeIgniter\CodeIgniter->runController(Object(App\Controllers\HewanAir))
 8 SYSTEMPATH\CodeIgniter.php(355): CodeIgniter\CodeIgniter->handleRequest(null, Object(Config\Cache), false)
 9 SYSTEMPATH\Boot.php(312): CodeIgniter\CodeIgniter->run()
10 SYSTEMPATH\Boot.php(67): CodeIgniter\Boot::runCodeIgniter(Object(CodeIgniter\CodeIgniter))
11 FCPATH\index.php(56): CodeIgniter\Boot::bootWeb(Object(Config\Paths))
12 SYSTEMPATH\Commands\Server\rewrite.php(49): require_once('D:\\VS CODE\\ci4ajax_uas\\public\\index.php')
ERROR - 2024-06-29 07:24:08 --> Error connecting to the database: mysqli_sql_exception: No connection could be made because the target machine actively refused it in D:\VS CODE\ci4ajax_uas\system\Database\MySQLi\Connection.php:187
Stack trace:
#0 D:\VS CODE\ci4ajax_uas\system\Database\MySQLi\Connection.php(187): mysqli->real_connect('localhost', 'root', '', 'dbci4ajax046', 3306, '', 0)
#1 D:\VS CODE\ci4ajax_uas\system\Database\BaseConnection.php(421): CodeIgniter\Database\MySQLi\Connection->connect(false)
#2 D:\VS CODE\ci4ajax_uas\system\Database\BaseConnection.php(604): CodeIgniter\Database\BaseConnection->initialize()
#3 D:\VS CODE\ci4ajax_uas\system\Database\BaseBuilder.php(1629): CodeIgniter\Database\BaseConnection->query('SELECT *\nFROM `...', Array, false)
#4 D:\VS CODE\ci4ajax_uas\system\Model.php(275): CodeIgniter\Database\BaseBuilder->get()
#5 D:\VS CODE\ci4ajax_uas\system\BaseModel.php(676): CodeIgniter\Model->doFindAll(0, 0)
#6 D:\VS CODE\ci4ajax_uas\app\Controllers\Mahasiswa.php(19): CodeIgniter\BaseModel->findAll()
#7 D:\VS CODE\ci4ajax_uas\system\CodeIgniter.php(933): App\Controllers\Mahasiswa->ambildata()
#8 D:\VS CODE\ci4ajax_uas\system\CodeIgniter.php(509): CodeIgniter\CodeIgniter->runController(Object(App\Controllers\Mahasiswa))
#9 D:\VS CODE\ci4ajax_uas\system\CodeIgniter.php(355): CodeIgniter\CodeIgniter->handleRequest(NULL, Object(Config\Cache), false)
#10 D:\VS CODE\ci4ajax_uas\system\Boot.php(312): CodeIgniter\CodeIgniter->run()
#11 D:\VS CODE\ci4ajax_uas\system\Boot.php(67): CodeIgniter\Boot::runCodeIgniter(Object(CodeIgniter\CodeIgniter))
#12 D:\VS CODE\ci4ajax_uas\public\index.php(56): CodeIgniter\Boot::bootWeb(Object(Config\Paths))
#13 D:\VS CODE\ci4ajax_uas\system\Commands\Server\rewrite.php(49): require_once('D:\\VS CODE\\ci4a...')
#14 {main}

Next CodeIgniter\Database\Exceptions\DatabaseException: No connection could be made because the target machine actively refused it in D:\VS CODE\ci4ajax_uas\system\Database\MySQLi\Connection.php:231
Stack trace:
#0 D:\VS CODE\ci4ajax_uas\system\Database\BaseConnection.php(421): CodeIgniter\Database\MySQLi\Connection->connect(false)
#1 D:\VS CODE\ci4ajax_uas\system\Database\BaseConnection.php(604): CodeIgniter\Database\BaseConnection->initialize()
#2 D:\VS CODE\ci4ajax_uas\system\Database\BaseBuilder.php(1629): CodeIgniter\Database\BaseConnection->query('SELECT *\nFROM `...', Array, false)
#3 D:\VS CODE\ci4ajax_uas\system\Model.php(275): CodeIgniter\Database\BaseBuilder->get()
#4 D:\VS CODE\ci4ajax_uas\system\BaseModel.php(676): CodeIgniter\Model->doFindAll(0, 0)
#5 D:\VS CODE\ci4ajax_uas\app\Controllers\Mahasiswa.php(19): CodeIgniter\BaseModel->findAll()
#6 D:\VS CODE\ci4ajax_uas\system\CodeIgniter.php(933): App\Controllers\Mahasiswa->ambildata()
#7 D:\VS CODE\ci4ajax_uas\system\CodeIgniter.php(509): CodeIgniter\CodeIgniter->runController(Object(App\Controllers\Mahasiswa))
#8 D:\VS CODE\ci4ajax_uas\system\CodeIgniter.php(355): CodeIgniter\CodeIgniter->handleRequest(NULL, Object(Config\Cache), false)
#9 D:\VS CODE\ci4ajax_uas\system\Boot.php(312): CodeIgniter\CodeIgniter->run()
#10 D:\VS CODE\ci4ajax_uas\system\Boot.php(67): CodeIgniter\Boot::runCodeIgniter(Object(CodeIgniter\CodeIgniter))
#11 D:\VS CODE\ci4ajax_uas\public\index.php(56): CodeIgniter\Boot::bootWeb(Object(Config\Paths))
#12 D:\VS CODE\ci4ajax_uas\system\Commands\Server\rewrite.php(49): require_once('D:\\VS CODE\\ci4a...')
#13 {main}
CRITICAL - 2024-06-29 07:24:08 --> CodeIgniter\Database\Exceptions\DatabaseException: Unable to connect to the database.
Main connection [MySQLi]: No connection could be made because the target machine actively refused it
[Method: GET, Route: Mahasiswa/ambildata]
in SYSTEMPATH\Database\BaseConnection.php on line 457.
 1 SYSTEMPATH\Database\BaseConnection.php(604): CodeIgniter\Database\BaseConnection->initialize()
 2 SYSTEMPATH\Database\BaseBuilder.php(1629): CodeIgniter\Database\BaseConnection->query('SELECT *
FROM `mahasiswa046`', [], false)
 3 SYSTEMPATH\Model.php(275): CodeIgniter\Database\BaseBuilder->get()
 4 SYSTEMPATH\BaseModel.php(676): CodeIgniter\Model->doFindAll(0, 0)
 5 APPPATH\Controllers\Mahasiswa.php(19): CodeIgniter\BaseModel->findAll()
 6 SYSTEMPATH\CodeIgniter.php(933): App\Controllers\Mahasiswa->ambildata()
 7 SYSTEMPATH\CodeIgniter.php(509): CodeIgniter\CodeIgniter->runController(Object(App\Controllers\Mahasiswa))
 8 SYSTEMPATH\CodeIgniter.php(355): CodeIgniter\CodeIgniter->handleRequest(null, Object(Config\Cache), false)
 9 SYSTEMPATH\Boot.php(312): CodeIgniter\CodeIgniter->run()
10 SYSTEMPATH\Boot.php(67): CodeIgniter\Boot::runCodeIgniter(Object(CodeIgniter\CodeIgniter))
11 FCPATH\index.php(56): CodeIgniter\Boot::bootWeb(Object(Config\Paths))
12 SYSTEMPATH\Commands\Server\rewrite.php(49): require_once('D:\\VS CODE\\ci4ajax_uas\\public\\index.php')
ERROR - 2024-06-29 07:24:12 --> Error connecting to the database: mysqli_sql_exception: No connection could be made because the target machine actively refused it in D:\VS CODE\ci4ajax_uas\system\Database\MySQLi\Connection.php:187
Stack trace:
#0 D:\VS CODE\ci4ajax_uas\system\Database\MySQLi\Connection.php(187): mysqli->real_connect('localhost', 'root', '', 'dbci4ajax046', 3306, '', 0)
#1 D:\VS CODE\ci4ajax_uas\system\Database\BaseConnection.php(421): CodeIgniter\Database\MySQLi\Connection->connect(false)
#2 D:\VS CODE\ci4ajax_uas\system\Database\BaseConnection.php(604): CodeIgniter\Database\BaseConnection->initialize()
#3 D:\VS CODE\ci4ajax_uas\system\Database\BaseBuilder.php(1629): CodeIgniter\Database\BaseConnection->query('SELECT *\nFROM `...', Array, false)
#4 D:\VS CODE\ci4ajax_uas\system\Model.php(275): CodeIgniter\Database\BaseBuilder->get()
#5 D:\VS CODE\ci4ajax_uas\system\BaseModel.php(676): CodeIgniter\Model->doFindAll(0, 0)
#6 D:\VS CODE\ci4ajax_uas\app\Controllers\HewanAir.php(19): CodeIgniter\BaseModel->findAll()
#7 D:\VS CODE\ci4ajax_uas\system\CodeIgniter.php(933): App\Controllers\HewanAir->ambildata()
#8 D:\VS CODE\ci4ajax_uas\system\CodeIgniter.php(509): CodeIgniter\CodeIgniter->runController(Object(App\Controllers\HewanAir))
#9 D:\VS CODE\ci4ajax_uas\system\CodeIgniter.php(355): CodeIgniter\CodeIgniter->handleRequest(NULL, Object(Config\Cache), false)
#10 D:\VS CODE\ci4ajax_uas\system\Boot.php(312): CodeIgniter\CodeIgniter->run()
#11 D:\VS CODE\ci4ajax_uas\system\Boot.php(67): CodeIgniter\Boot::runCodeIgniter(Object(CodeIgniter\CodeIgniter))
#12 D:\VS CODE\ci4ajax_uas\public\index.php(56): CodeIgniter\Boot::bootWeb(Object(Config\Paths))
#13 D:\VS CODE\ci4ajax_uas\system\Commands\Server\rewrite.php(49): require_once('D:\\VS CODE\\ci4a...')
#14 {main}

Next CodeIgniter\Database\Exceptions\DatabaseException: No connection could be made because the target machine actively refused it in D:\VS CODE\ci4ajax_uas\system\Database\MySQLi\Connection.php:231
Stack trace:
#0 D:\VS CODE\ci4ajax_uas\system\Database\BaseConnection.php(421): CodeIgniter\Database\MySQLi\Connection->connect(false)
#1 D:\VS CODE\ci4ajax_uas\system\Database\BaseConnection.php(604): CodeIgniter\Database\BaseConnection->initialize()
#2 D:\VS CODE\ci4ajax_uas\system\Database\BaseBuilder.php(1629): CodeIgniter\Database\BaseConnection->query('SELECT *\nFROM `...', Array, false)
#3 D:\VS CODE\ci4ajax_uas\system\Model.php(275): CodeIgniter\Database\BaseBuilder->get()
#4 D:\VS CODE\ci4ajax_uas\system\BaseModel.php(676): CodeIgniter\Model->doFindAll(0, 0)
#5 D:\VS CODE\ci4ajax_uas\app\Controllers\HewanAir.php(19): CodeIgniter\BaseModel->findAll()
#6 D:\VS CODE\ci4ajax_uas\system\CodeIgniter.php(933): App\Controllers\HewanAir->ambildata()
#7 D:\VS CODE\ci4ajax_uas\system\CodeIgniter.php(509): CodeIgniter\CodeIgniter->runController(Object(App\Controllers\HewanAir))
#8 D:\VS CODE\ci4ajax_uas\system\CodeIgniter.php(355): CodeIgniter\CodeIgniter->handleRequest(NULL, Object(Config\Cache), false)
#9 D:\VS CODE\ci4ajax_uas\system\Boot.php(312): CodeIgniter\CodeIgniter->run()
#10 D:\VS CODE\ci4ajax_uas\system\Boot.php(67): CodeIgniter\Boot::runCodeIgniter(Object(CodeIgniter\CodeIgniter))
#11 D:\VS CODE\ci4ajax_uas\public\index.php(56): CodeIgniter\Boot::bootWeb(Object(Config\Paths))
#12 D:\VS CODE\ci4ajax_uas\system\Commands\Server\rewrite.php(49): require_once('D:\\VS CODE\\ci4a...')
#13 {main}
CRITICAL - 2024-06-29 07:24:12 --> CodeIgniter\Database\Exceptions\DatabaseException: Unable to connect to the database.
Main connection [MySQLi]: No connection could be made because the target machine actively refused it
[Method: GET, Route: HewanAir/ambildata]
in SYSTEMPATH\Database\BaseConnection.php on line 457.
 1 SYSTEMPATH\Database\BaseConnection.php(604): CodeIgniter\Database\BaseConnection->initialize()
 2 SYSTEMPATH\Database\BaseBuilder.php(1629): CodeIgniter\Database\BaseConnection->query('SELECT *
FROM `hewan_air`', [], false)
 3 SYSTEMPATH\Model.php(275): CodeIgniter\Database\BaseBuilder->get()
 4 SYSTEMPATH\BaseModel.php(676): CodeIgniter\Model->doFindAll(0, 0)
 5 APPPATH\Controllers\HewanAir.php(19): CodeIgniter\BaseModel->findAll()
 6 SYSTEMPATH\CodeIgniter.php(933): App\Controllers\HewanAir->ambildata()
 7 SYSTEMPATH\CodeIgniter.php(509): CodeIgniter\CodeIgniter->runController(Object(App\Controllers\HewanAir))
 8 SYSTEMPATH\CodeIgniter.php(355): CodeIgniter\CodeIgniter->handleRequest(null, Object(Config\Cache), false)
 9 SYSTEMPATH\Boot.php(312): CodeIgniter\CodeIgniter->run()
10 SYSTEMPATH\Boot.php(67): CodeIgniter\Boot::runCodeIgniter(Object(CodeIgniter\CodeIgniter))
11 FCPATH\index.php(56): CodeIgniter\Boot::bootWeb(Object(Config\Paths))
12 SYSTEMPATH\Commands\Server\rewrite.php(49): require_once('D:\\VS CODE\\ci4ajax_uas\\public\\index.php')
CRITICAL - 2024-06-29 07:39:34 --> CodeIgniter\View\Exceptions\ViewException: Invalid file: "ayout/v_main.php"
[Method: GET, Route: hewan]
in SYSTEMPATH\Exceptions\FrameworkException.php on line 41.
 1 SYSTEMPATH\View\View.php(222): CodeIgniter\Exceptions\FrameworkException::forInvalidFile('ayout/v_main.php')
 2 SYSTEMPATH\View\View.php(250): CodeIgniter\View\View->render('ayout/v_main', [], true)
 3 SYSTEMPATH\View\View.php(250): CodeIgniter\View\View->render('layout/v_menu', [], true)
 4 SYSTEMPATH\Common.php(1171): CodeIgniter\View\View->render('HewanAir/tampilhewan', [], true)
 5 APPPATH\Controllers\HewanAir.php(11): view('HewanAir/tampilhewan')
 6 SYSTEMPATH\CodeIgniter.php(933): App\Controllers\HewanAir->index()
 7 SYSTEMPATH\CodeIgniter.php(509): CodeIgniter\CodeIgniter->runController(Object(App\Controllers\HewanAir))
 8 SYSTEMPATH\CodeIgniter.php(355): CodeIgniter\CodeIgniter->handleRequest(null, Object(Config\Cache), false)
 9 SYSTEMPATH\Boot.php(312): CodeIgniter\CodeIgniter->run()
10 SYSTEMPATH\Boot.php(67): CodeIgniter\Boot::runCodeIgniter(Object(CodeIgniter\CodeIgniter))
11 FCPATH\index.php(56): CodeIgniter\Boot::bootWeb(Object(Config\Paths))
12 SYSTEMPATH\Commands\Server\rewrite.php(49): require_once('D:\\VS CODE\\ci4ajax_uas\\public\\index.php')
ERROR - 2024-06-29 09:14:26 --> Error connecting to the database: mysqli_sql_exception: No connection could be made because the target machine actively refused it in D:\VS CODE\ci4ajax_uas\system\Database\MySQLi\Connection.php:187
Stack trace:
#0 D:\VS CODE\ci4ajax_uas\system\Database\MySQLi\Connection.php(187): mysqli->real_connect('localhost', 'root', '', 'dbci4ajax046', 3306, '', 0)
#1 D:\VS CODE\ci4ajax_uas\system\Database\BaseConnection.php(421): CodeIgniter\Database\MySQLi\Connection->connect(false)
#2 D:\VS CODE\ci4ajax_uas\system\Database\BaseConnection.php(604): CodeIgniter\Database\BaseConnection->initialize()
#3 D:\VS CODE\ci4ajax_uas\system\Database\BaseBuilder.php(1629): CodeIgniter\Database\BaseConnection->query('SELECT *\nFROM `...', Array, false)
#4 D:\VS CODE\ci4ajax_uas\system\Model.php(275): CodeIgniter\Database\BaseBuilder->get()
#5 D:\VS CODE\ci4ajax_uas\system\BaseModel.php(676): CodeIgniter\Model->doFindAll(0, 0)
#6 D:\VS CODE\ci4ajax_uas\app\Controllers\HewanAir.php(19): CodeIgniter\BaseModel->findAll()
#7 D:\VS CODE\ci4ajax_uas\system\CodeIgniter.php(933): App\Controllers\HewanAir->ambildata()
#8 D:\VS CODE\ci4ajax_uas\system\CodeIgniter.php(509): CodeIgniter\CodeIgniter->runController(Object(App\Controllers\HewanAir))
#9 D:\VS CODE\ci4ajax_uas\system\CodeIgniter.php(355): CodeIgniter\CodeIgniter->handleRequest(NULL, Object(Config\Cache), false)
#10 D:\VS CODE\ci4ajax_uas\system\Boot.php(312): CodeIgniter\CodeIgniter->run()
#11 D:\VS CODE\ci4ajax_uas\system\Boot.php(67): CodeIgniter\Boot::runCodeIgniter(Object(CodeIgniter\CodeIgniter))
#12 D:\VS CODE\ci4ajax_uas\public\index.php(56): CodeIgniter\Boot::bootWeb(Object(Config\Paths))
#13 D:\VS CODE\ci4ajax_uas\system\Commands\Server\rewrite.php(49): require_once('D:\\VS CODE\\ci4a...')
#14 {main}

Next CodeIgniter\Database\Exceptions\DatabaseException: No connection could be made because the target machine actively refused it in D:\VS CODE\ci4ajax_uas\system\Database\MySQLi\Connection.php:231
Stack trace:
#0 D:\VS CODE\ci4ajax_uas\system\Database\BaseConnection.php(421): CodeIgniter\Database\MySQLi\Connection->connect(false)
#1 D:\VS CODE\ci4ajax_uas\system\Database\BaseConnection.php(604): CodeIgniter\Database\BaseConnection->initialize()
#2 D:\VS CODE\ci4ajax_uas\system\Database\BaseBuilder.php(1629): CodeIgniter\Database\BaseConnection->query('SELECT *\nFROM `...', Array, false)
#3 D:\VS CODE\ci4ajax_uas\system\Model.php(275): CodeIgniter\Database\BaseBuilder->get()
#4 D:\VS CODE\ci4ajax_uas\system\BaseModel.php(676): CodeIgniter\Model->doFindAll(0, 0)
#5 D:\VS CODE\ci4ajax_uas\app\Controllers\HewanAir.php(19): CodeIgniter\BaseModel->findAll()
#6 D:\VS CODE\ci4ajax_uas\system\CodeIgniter.php(933): App\Controllers\HewanAir->ambildata()
#7 D:\VS CODE\ci4ajax_uas\system\CodeIgniter.php(509): CodeIgniter\CodeIgniter->runController(Object(App\Controllers\HewanAir))
#8 D:\VS CODE\ci4ajax_uas\system\CodeIgniter.php(355): CodeIgniter\CodeIgniter->handleRequest(NULL, Object(Config\Cache), false)
#9 D:\VS CODE\ci4ajax_uas\system\Boot.php(312): CodeIgniter\CodeIgniter->run()
#10 D:\VS CODE\ci4ajax_uas\system\Boot.php(67): CodeIgniter\Boot::runCodeIgniter(Object(CodeIgniter\CodeIgniter))
#11 D:\VS CODE\ci4ajax_uas\public\index.php(56): CodeIgniter\Boot::bootWeb(Object(Config\Paths))
#12 D:\VS CODE\ci4ajax_uas\system\Commands\Server\rewrite.php(49): require_once('D:\\VS CODE\\ci4a...')
#13 {main}
CRITICAL - 2024-06-29 09:14:26 --> CodeIgniter\Database\Exceptions\DatabaseException: Unable to connect to the database.
Main connection [MySQLi]: No connection could be made because the target machine actively refused it
[Method: GET, Route: HewanAir/ambildata]
in SYSTEMPATH\Database\BaseConnection.php on line 457.
 1 SYSTEMPATH\Database\BaseConnection.php(604): CodeIgniter\Database\BaseConnection->initialize()
 2 SYSTEMPATH\Database\BaseBuilder.php(1629): CodeIgniter\Database\BaseConnection->query('SELECT *
FROM `hewan_air`', [], false)
 3 SYSTEMPATH\Model.php(275): CodeIgniter\Database\BaseBuilder->get()
 4 SYSTEMPATH\BaseModel.php(676): CodeIgniter\Model->doFindAll(0, 0)
 5 APPPATH\Controllers\HewanAir.php(19): CodeIgniter\BaseModel->findAll()
 6 SYSTEMPATH\CodeIgniter.php(933): App\Controllers\HewanAir->ambildata()
 7 SYSTEMPATH\CodeIgniter.php(509): CodeIgniter\CodeIgniter->runController(Object(App\Controllers\HewanAir))
 8 SYSTEMPATH\CodeIgniter.php(355): CodeIgniter\CodeIgniter->handleRequest(null, Object(Config\Cache), false)
 9 SYSTEMPATH\Boot.php(312): CodeIgniter\CodeIgniter->run()
10 SYSTEMPATH\Boot.php(67): CodeIgniter\Boot::runCodeIgniter(Object(CodeIgniter\CodeIgniter))
11 FCPATH\index.php(56): CodeIgniter\Boot::bootWeb(Object(Config\Paths))
12 SYSTEMPATH\Commands\Server\rewrite.php(49): require_once('D:\\VS CODE\\ci4ajax_uas\\public\\index.php')
CRITICAL - 2024-06-29 09:33:30 --> CodeIgniter\View\Exceptions\ViewException: Invalid file: "ModelHewanDarat/modalhewan.php"
[Method: POST, Route: HewanDarat/formedit]
in SYSTEMPATH\Exceptions\FrameworkException.php on line 41.
 1 SYSTEMPATH\View\View.php(222): CodeIgniter\Exceptions\FrameworkException::forInvalidFile('ModelHewanDarat/modalhewan.php')
 2 SYSTEMPATH\Common.php(1171): CodeIgniter\View\View->render('ModelHewanDarat/modalhewan', [], true)
 3 APPPATH\Controllers\HewanDarat.php(143): view('ModelHewanDarat/modalhewan', [...])
 4 SYSTEMPATH\CodeIgniter.php(933): App\Controllers\HewanDarat->formedit()
 5 SYSTEMPATH\CodeIgniter.php(509): CodeIgniter\CodeIgniter->runController(Object(App\Controllers\HewanDarat))
 6 SYSTEMPATH\CodeIgniter.php(355): CodeIgniter\CodeIgniter->handleRequest(null, Object(Config\Cache), false)
 7 SYSTEMPATH\Boot.php(312): CodeIgniter\CodeIgniter->run()
 8 SYSTEMPATH\Boot.php(67): CodeIgniter\Boot::runCodeIgniter(Object(CodeIgniter\CodeIgniter))
 9 FCPATH\index.php(56): CodeIgniter\Boot::bootWeb(Object(Config\Paths))
10 SYSTEMPATH\Commands\Server\rewrite.php(49): require_once('D:\\VS CODE\\ci4ajax_uas\\public\\index.php')
CRITICAL - 2024-06-29 09:33:34 --> CodeIgniter\View\Exceptions\ViewException: Invalid file: "ModelHewanDarat/modalhewan.php"
[Method: POST, Route: HewanDarat/formedit]
in SYSTEMPATH\Exceptions\FrameworkException.php on line 41.
 1 SYSTEMPATH\View\View.php(222): CodeIgniter\Exceptions\FrameworkException::forInvalidFile('ModelHewanDarat/modalhewan.php')
 2 SYSTEMPATH\Common.php(1171): CodeIgniter\View\View->render('ModelHewanDarat/modalhewan', [], true)
 3 APPPATH\Controllers\HewanDarat.php(143): view('ModelHewanDarat/modalhewan', [...])
 4 SYSTEMPATH\CodeIgniter.php(933): App\Controllers\HewanDarat->formedit()
 5 SYSTEMPATH\CodeIgniter.php(509): CodeIgniter\CodeIgniter->runController(Object(App\Controllers\HewanDarat))
 6 SYSTEMPATH\CodeIgniter.php(355): CodeIgniter\CodeIgniter->handleRequest(null, Object(Config\Cache), false)
 7 SYSTEMPATH\Boot.php(312): CodeIgniter\CodeIgniter->run()
 8 SYSTEMPATH\Boot.php(67): CodeIgniter\Boot::runCodeIgniter(Object(CodeIgniter\CodeIgniter))
 9 FCPATH\index.php(56): CodeIgniter\Boot::bootWeb(Object(Config\Paths))
10 SYSTEMPATH\Commands\Server\rewrite.php(49): require_once('D:\\VS CODE\\ci4ajax_uas\\public\\index.php')
CRITICAL - 2024-06-29 09:36:15 --> CodeIgniter\View\Exceptions\ViewException: Invalid file: "ModelHewanDarat/modalhewan.php"
[Method: POST, Route: HewanDarat/formedit]
in SYSTEMPATH\Exceptions\FrameworkException.php on line 41.
 1 SYSTEMPATH\View\View.php(222): CodeIgniter\Exceptions\FrameworkException::forInvalidFile('ModelHewanDarat/modalhewan.php')
 2 SYSTEMPATH\Common.php(1171): CodeIgniter\View\View->render('ModelHewanDarat/modalhewan', [], true)
 3 APPPATH\Controllers\HewanDarat.php(143): view('ModelHewanDarat/modalhewan', [...])
 4 SYSTEMPATH\CodeIgniter.php(933): App\Controllers\HewanDarat->formedit()
 5 SYSTEMPATH\CodeIgniter.php(509): CodeIgniter\CodeIgniter->runController(Object(App\Controllers\HewanDarat))
 6 SYSTEMPATH\CodeIgniter.php(355): CodeIgniter\CodeIgniter->handleRequest(null, Object(Config\Cache), false)
 7 SYSTEMPATH\Boot.php(312): CodeIgniter\CodeIgniter->run()
 8 SYSTEMPATH\Boot.php(67): CodeIgniter\Boot::runCodeIgniter(Object(CodeIgniter\CodeIgniter))
 9 FCPATH\index.php(56): CodeIgniter\Boot::bootWeb(Object(Config\Paths))
10 SYSTEMPATH\Commands\Server\rewrite.php(49): require_once('D:\\VS CODE\\ci4ajax_uas\\public\\index.php')
CRITICAL - 2024-06-29 09:37:59 --> CodeIgniter\View\Exceptions\ViewException: Invalid file: "ModelHewanDarat/modalhewan.php"
[Method: POST, Route: HewanDarat/formedit]
in SYSTEMPATH\Exceptions\FrameworkException.php on line 41.
 1 SYSTEMPATH\View\View.php(222): CodeIgniter\Exceptions\FrameworkException::forInvalidFile('ModelHewanDarat/modalhewan.php')
 2 SYSTEMPATH\Common.php(1171): CodeIgniter\View\View->render('ModelHewanDarat/modalhewan', [], true)
 3 APPPATH\Controllers\HewanDarat.php(143): view('ModelHewanDarat/modalhewan', [...])
 4 SYSTEMPATH\CodeIgniter.php(933): App\Controllers\HewanDarat->formedit()
 5 SYSTEMPATH\CodeIgniter.php(509): CodeIgniter\CodeIgniter->runController(Object(App\Controllers\HewanDarat))
 6 SYSTEMPATH\CodeIgniter.php(355): CodeIgniter\CodeIgniter->handleRequest(null, Object(Config\Cache), false)
 7 SYSTEMPATH\Boot.php(312): CodeIgniter\CodeIgniter->run()
 8 SYSTEMPATH\Boot.php(67): CodeIgniter\Boot::runCodeIgniter(Object(CodeIgniter\CodeIgniter))
 9 FCPATH\index.php(56): CodeIgniter\Boot::bootWeb(Object(Config\Paths))
10 SYSTEMPATH\Commands\Server\rewrite.php(49): require_once('D:\\VS CODE\\ci4ajax_uas\\public\\index.php')
CRITICAL - 2024-06-29 09:43:23 --> CodeIgniter\View\Exceptions\ViewException: Invalid file: "ModelHewanUdara/modalhewan.php"
[Method: POST, Route: HewanUdara/formedit]
in SYSTEMPATH\Exceptions\FrameworkException.php on line 41.
 1 SYSTEMPATH\View\View.php(222): CodeIgniter\Exceptions\FrameworkException::forInvalidFile('ModelHewanUdara/modalhewan.php')
 2 SYSTEMPATH\Common.php(1171): CodeIgniter\View\View->render('ModelHewanUdara/modalhewan', [], true)
 3 APPPATH\Controllers\HewanUdara.php(143): view('ModelHewanUdara/modalhewan', [...])
 4 SYSTEMPATH\CodeIgniter.php(933): App\Controllers\HewanUdara->formedit()
 5 SYSTEMPATH\CodeIgniter.php(509): CodeIgniter\CodeIgniter->runController(Object(App\Controllers\HewanUdara))
 6 SYSTEMPATH\CodeIgniter.php(355): CodeIgniter\CodeIgniter->handleRequest(null, Object(Config\Cache), false)
 7 SYSTEMPATH\Boot.php(312): CodeIgniter\CodeIgniter->run()
 8 SYSTEMPATH\Boot.php(67): CodeIgniter\Boot::runCodeIgniter(Object(CodeIgniter\CodeIgniter))
 9 FCPATH\index.php(56): CodeIgniter\Boot::bootWeb(Object(Config\Paths))
10 SYSTEMPATH\Commands\Server\rewrite.php(49): require_once('D:\\VS CODE\\ci4ajax_uas\\public\\index.php')
CRITICAL - 2024-06-29 09:43:26 --> CodeIgniter\View\Exceptions\ViewException: Invalid file: "ModelHewanUdara/modalhewan.php"
[Method: POST, Route: HewanUdara/formedit]
in SYSTEMPATH\Exceptions\FrameworkException.php on line 41.
 1 SYSTEMPATH\View\View.php(222): CodeIgniter\Exceptions\FrameworkException::forInvalidFile('ModelHewanUdara/modalhewan.php')
 2 SYSTEMPATH\Common.php(1171): CodeIgniter\View\View->render('ModelHewanUdara/modalhewan', [], true)
 3 APPPATH\Controllers\HewanUdara.php(143): view('ModelHewanUdara/modalhewan', [...])
 4 SYSTEMPATH\CodeIgniter.php(933): App\Controllers\HewanUdara->formedit()
 5 SYSTEMPATH\CodeIgniter.php(509): CodeIgniter\CodeIgniter->runController(Object(App\Controllers\HewanUdara))
 6 SYSTEMPATH\CodeIgniter.php(355): CodeIgniter\CodeIgniter->handleRequest(null, Object(Config\Cache), false)
 7 SYSTEMPATH\Boot.php(312): CodeIgniter\CodeIgniter->run()
 8 SYSTEMPATH\Boot.php(67): CodeIgniter\Boot::runCodeIgniter(Object(CodeIgniter\CodeIgniter))
 9 FCPATH\index.php(56): CodeIgniter\Boot::bootWeb(Object(Config\Paths))
10 SYSTEMPATH\Commands\Server\rewrite.php(49): require_once('D:\\VS CODE\\ci4ajax_uas\\public\\index.php')
