ERROR - 2024-06-11 12:50:58 --> mysqli_sql_exception: Unknown column 'mahasiswa060' in 'where clause' in D:\ci4ajax_prasetiyabimananda\system\Database\MySQLi\Connection.php:308
Stack trace:
#0 D:\ci4ajax_prasetiyabimananda\system\Database\MySQLi\Connection.php(308): mysqli->query('SELECT 1\nFROM `...', 0)
#1 D:\ci4ajax_prasetiyabimananda\system\Database\BaseConnection.php(722): CodeIgniter\Database\MySQLi\Connection->execute('SELECT 1\nFROM `...')
#2 D:\ci4ajax_prasetiyabimananda\system\Database\BaseConnection.php(636): CodeIgniter\Database\BaseConnection->simpleQuery('SELECT 1\nFROM `...')
#3 D:\ci4ajax_prasetiyabimananda\system\Database\BaseBuilder.php(1629): CodeIgniter\Database\BaseConnection->query('SELECT 1\nFROM `...', Array, false)
#4 D:\ci4ajax_prasetiyabimananda\system\Validation\StrictRules\Rules.php(228): CodeIgniter\Database\BaseBuilder->get()
#5 D:\ci4ajax_prasetiyabimananda\system\Validation\Validation.php(336): CodeIgniter\Validation\StrictRules\Rules->is_unique('22110056', 'mahasiswa060', Array, NULL, 'nim')
#6 D:\ci4ajax_prasetiyabimananda\system\Validation\Validation.php(201): CodeIgniter\Validation\Validation->processRules('nim', 'NIM', '22110056', Array, Array, 'nim')
#7 D:\ci4ajax_prasetiyabimananda\system\Controller.php(137): CodeIgniter\Validation\Validation->run()
#8 D:\ci4ajax_prasetiyabimananda\app\Controllers\Mahasiswa.php(46): CodeIgniter\Controller->validate(Array)
#9 D:\ci4ajax_prasetiyabimananda\system\CodeIgniter.php(933): App\Controllers\Mahasiswa->simpandata()
#10 D:\ci4ajax_prasetiyabimananda\system\CodeIgniter.php(509): CodeIgniter\CodeIgniter->runController(Object(App\Controllers\Mahasiswa))
#11 D:\ci4ajax_prasetiyabimananda\system\CodeIgniter.php(355): CodeIgniter\CodeIgniter->handleRequest(NULL, Object(Config\Cache), false)
#12 D:\ci4ajax_prasetiyabimananda\system\Boot.php(312): CodeIgniter\CodeIgniter->run()
#13 D:\ci4ajax_prasetiyabimananda\system\Boot.php(67): CodeIgniter\Boot::runCodeIgniter(Object(CodeIgniter\CodeIgniter))
#14 D:\ci4ajax_prasetiyabimananda\public\index.php(56): CodeIgniter\Boot::bootWeb(Object(Config\Paths))
#15 D:\ci4ajax_prasetiyabimananda\system\Commands\Server\rewrite.php(49): require_once('D:\\ci4ajax_pras...')
#16 {main}
CRITICAL - 2024-06-11 12:50:58 --> CodeIgniter\Database\Exceptions\DatabaseException: Unknown column 'mahasiswa060' in 'where clause'
[Method: POST, Route: Mahasiswa/simpandata]
in SYSTEMPATH\Database\BaseConnection.php on line 676.
 1 SYSTEMPATH\Database\BaseBuilder.php(1629): CodeIgniter\Database\BaseConnection->query('SELECT 1
FROM `mahasiswa060`
WHERE `mahasiswa060` = :mahasiswa060:
 LIMIT 1', [...], false)
 2 SYSTEMPATH\Validation\StrictRules\Rules.php(228): CodeIgniter\Database\BaseBuilder->get()
 3 SYSTEMPATH\Validation\Validation.php(336): CodeIgniter\Validation\StrictRules\Rules->is_unique('22110056', 'mahasiswa060', [...], null, 'nim')
 4 SYSTEMPATH\Validation\Validation.php(201): CodeIgniter\Validation\Validation->processRules('nim', 'NIM', '22110056', [...], [...], 'nim')
 5 SYSTEMPATH\Controller.php(137): CodeIgniter\Validation\Validation->run()
 6 APPPATH\Controllers\Mahasiswa.php(46): CodeIgniter\Controller->validate([...])
 7 SYSTEMPATH\CodeIgniter.php(933): App\Controllers\Mahasiswa->simpandata()
 8 SYSTEMPATH\CodeIgniter.php(509): CodeIgniter\CodeIgniter->runController(Object(App\Controllers\Mahasiswa))
 9 SYSTEMPATH\CodeIgniter.php(355): CodeIgniter\CodeIgniter->handleRequest(null, Object(Config\Cache), false)
10 SYSTEMPATH\Boot.php(312): CodeIgniter\CodeIgniter->run()
11 SYSTEMPATH\Boot.php(67): CodeIgniter\Boot::runCodeIgniter(Object(CodeIgniter\CodeIgniter))
12 FCPATH\index.php(56): CodeIgniter\Boot::bootWeb(Object(Config\Paths))
13 SYSTEMPATH\Commands\Server\rewrite.php(49): require_once('D:\\ci4ajax_prasetiyabimananda\\public\\index.php')
CRITICAL - 2024-06-11 12:50:58 --> [Caused by] CodeIgniter\Database\Exceptions\DatabaseException: Unknown column 'mahasiswa060' in 'where clause'
in SYSTEMPATH\Database\MySQLi\Connection.php on line 313.
 1 SYSTEMPATH\Database\BaseConnection.php(722): CodeIgniter\Database\MySQLi\Connection->execute('SELECT 1
FROM `mahasiswa060`
WHERE `mahasiswa060` = \'22110056\'
 LIMIT 1')
 2 SYSTEMPATH\Database\BaseConnection.php(636): CodeIgniter\Database\BaseConnection->simpleQuery('SELECT 1
FROM `mahasiswa060`
WHERE `mahasiswa060` = \'22110056\'
 LIMIT 1')
 3 SYSTEMPATH\Database\BaseBuilder.php(1629): CodeIgniter\Database\BaseConnection->query('SELECT 1
FROM `mahasiswa060`
WHERE `mahasiswa060` = :mahasiswa060:
 LIMIT 1', [...], false)
 4 SYSTEMPATH\Validation\StrictRules\Rules.php(228): CodeIgniter\Database\BaseBuilder->get()
 5 SYSTEMPATH\Validation\Validation.php(336): CodeIgniter\Validation\StrictRules\Rules->is_unique('22110056', 'mahasiswa060', [...], null, 'nim')
 6 SYSTEMPATH\Validation\Validation.php(201): CodeIgniter\Validation\Validation->processRules('nim', 'NIM', '22110056', [...], [...], 'nim')
 7 SYSTEMPATH\Controller.php(137): CodeIgniter\Validation\Validation->run()
 8 APPPATH\Controllers\Mahasiswa.php(46): CodeIgniter\Controller->validate([...])
 9 SYSTEMPATH\CodeIgniter.php(933): App\Controllers\Mahasiswa->simpandata()
10 SYSTEMPATH\CodeIgniter.php(509): CodeIgniter\CodeIgniter->runController(Object(App\Controllers\Mahasiswa))
11 SYSTEMPATH\CodeIgniter.php(355): CodeIgniter\CodeIgniter->handleRequest(null, Object(Config\Cache), false)
12 SYSTEMPATH\Boot.php(312): CodeIgniter\CodeIgniter->run()
13 SYSTEMPATH\Boot.php(67): CodeIgniter\Boot::runCodeIgniter(Object(CodeIgniter\CodeIgniter))
14 FCPATH\index.php(56): CodeIgniter\Boot::bootWeb(Object(Config\Paths))
15 SYSTEMPATH\Commands\Server\rewrite.php(49): require_once('D:\\ci4ajax_prasetiyabimananda\\public\\index.php')
CRITICAL - 2024-06-11 12:50:58 --> [Caused by] mysqli_sql_exception: Unknown column 'mahasiswa060' in 'where clause'
in SYSTEMPATH\Database\MySQLi\Connection.php on line 308.
 1 SYSTEMPATH\Database\MySQLi\Connection.php(308): mysqli->query('SELECT 1
FROM `mahasiswa060`
WHERE `mahasiswa060` = \'22110056\'
 LIMIT 1', 0)
 2 SYSTEMPATH\Database\BaseConnection.php(722): CodeIgniter\Database\MySQLi\Connection->execute('SELECT 1
FROM `mahasiswa060`
WHERE `mahasiswa060` = \'22110056\'
 LIMIT 1')
 3 SYSTEMPATH\Database\BaseConnection.php(636): CodeIgniter\Database\BaseConnection->simpleQuery('SELECT 1
FROM `mahasiswa060`
WHERE `mahasiswa060` = \'22110056\'
 LIMIT 1')
 4 SYSTEMPATH\Database\BaseBuilder.php(1629): CodeIgniter\Database\BaseConnection->query('SELECT 1
FROM `mahasiswa060`
WHERE `mahasiswa060` = :mahasiswa060:
 LIMIT 1', [...], false)
 5 SYSTEMPATH\Validation\StrictRules\Rules.php(228): CodeIgniter\Database\BaseBuilder->get()
 6 SYSTEMPATH\Validation\Validation.php(336): CodeIgniter\Validation\StrictRules\Rules->is_unique('22110056', 'mahasiswa060', [...], null, 'nim')
 7 SYSTEMPATH\Validation\Validation.php(201): CodeIgniter\Validation\Validation->processRules('nim', 'NIM', '22110056', [...], [...], 'nim')
 8 SYSTEMPATH\Controller.php(137): CodeIgniter\Validation\Validation->run()
 9 APPPATH\Controllers\Mahasiswa.php(46): CodeIgniter\Controller->validate([...])
10 SYSTEMPATH\CodeIgniter.php(933): App\Controllers\Mahasiswa->simpandata()
11 SYSTEMPATH\CodeIgniter.php(509): CodeIgniter\CodeIgniter->runController(Object(App\Controllers\Mahasiswa))
12 SYSTEMPATH\CodeIgniter.php(355): CodeIgniter\CodeIgniter->handleRequest(null, Object(Config\Cache), false)
13 SYSTEMPATH\Boot.php(312): CodeIgniter\CodeIgniter->run()
14 SYSTEMPATH\Boot.php(67): CodeIgniter\Boot::runCodeIgniter(Object(CodeIgniter\CodeIgniter))
15 FCPATH\index.php(56): CodeIgniter\Boot::bootWeb(Object(Config\Paths))
16 SYSTEMPATH\Commands\Server\rewrite.php(49): require_once('D:\\ci4ajax_prasetiyabimananda\\public\\index.php')
ERROR - 2024-06-11 12:52:13 --> mysqli_sql_exception: Unknown column 'mahasiswa060' in 'where clause' in D:\ci4ajax_prasetiyabimananda\system\Database\MySQLi\Connection.php:308
Stack trace:
#0 D:\ci4ajax_prasetiyabimananda\system\Database\MySQLi\Connection.php(308): mysqli->query('SELECT 1\nFROM `...', 0)
#1 D:\ci4ajax_prasetiyabimananda\system\Database\BaseConnection.php(722): CodeIgniter\Database\MySQLi\Connection->execute('SELECT 1\nFROM `...')
#2 D:\ci4ajax_prasetiyabimananda\system\Database\BaseConnection.php(636): CodeIgniter\Database\BaseConnection->simpleQuery('SELECT 1\nFROM `...')
#3 D:\ci4ajax_prasetiyabimananda\system\Database\BaseBuilder.php(1629): CodeIgniter\Database\BaseConnection->query('SELECT 1\nFROM `...', Array, false)
#4 D:\ci4ajax_prasetiyabimananda\system\Validation\StrictRules\Rules.php(228): CodeIgniter\Database\BaseBuilder->get()
#5 D:\ci4ajax_prasetiyabimananda\system\Validation\Validation.php(336): CodeIgniter\Validation\StrictRules\Rules->is_unique('22110056', 'mahasiswa060', Array, NULL, 'nim')
#6 D:\ci4ajax_prasetiyabimananda\system\Validation\Validation.php(201): CodeIgniter\Validation\Validation->processRules('nim', 'NIM', '22110056', Array, Array, 'nim')
#7 D:\ci4ajax_prasetiyabimananda\system\Controller.php(137): CodeIgniter\Validation\Validation->run()
#8 D:\ci4ajax_prasetiyabimananda\app\Controllers\Mahasiswa.php(46): CodeIgniter\Controller->validate(Array)
#9 D:\ci4ajax_prasetiyabimananda\system\CodeIgniter.php(933): App\Controllers\Mahasiswa->simpandata()
#10 D:\ci4ajax_prasetiyabimananda\system\CodeIgniter.php(509): CodeIgniter\CodeIgniter->runController(Object(App\Controllers\Mahasiswa))
#11 D:\ci4ajax_prasetiyabimananda\system\CodeIgniter.php(355): CodeIgniter\CodeIgniter->handleRequest(NULL, Object(Config\Cache), false)
#12 D:\ci4ajax_prasetiyabimananda\system\Boot.php(312): CodeIgniter\CodeIgniter->run()
#13 D:\ci4ajax_prasetiyabimananda\system\Boot.php(67): CodeIgniter\Boot::runCodeIgniter(Object(CodeIgniter\CodeIgniter))
#14 D:\ci4ajax_prasetiyabimananda\public\index.php(56): CodeIgniter\Boot::bootWeb(Object(Config\Paths))
#15 D:\ci4ajax_prasetiyabimananda\system\Commands\Server\rewrite.php(49): require_once('D:\\ci4ajax_pras...')
#16 {main}
CRITICAL - 2024-06-11 12:52:13 --> CodeIgniter\Database\Exceptions\DatabaseException: Unknown column 'mahasiswa060' in 'where clause'
[Method: POST, Route: Mahasiswa/simpandata]
in SYSTEMPATH\Database\BaseConnection.php on line 676.
 1 SYSTEMPATH\Database\BaseBuilder.php(1629): CodeIgniter\Database\BaseConnection->query('SELECT 1
FROM `mahasiswa060`
WHERE `mahasiswa060` = :mahasiswa060:
 LIMIT 1', [...], false)
 2 SYSTEMPATH\Validation\StrictRules\Rules.php(228): CodeIgniter\Database\BaseBuilder->get()
 3 SYSTEMPATH\Validation\Validation.php(336): CodeIgniter\Validation\StrictRules\Rules->is_unique('22110056', 'mahasiswa060', [...], null, 'nim')
 4 SYSTEMPATH\Validation\Validation.php(201): CodeIgniter\Validation\Validation->processRules('nim', 'NIM', '22110056', [...], [...], 'nim')
 5 SYSTEMPATH\Controller.php(137): CodeIgniter\Validation\Validation->run()
 6 APPPATH\Controllers\Mahasiswa.php(46): CodeIgniter\Controller->validate([...])
 7 SYSTEMPATH\CodeIgniter.php(933): App\Controllers\Mahasiswa->simpandata()
 8 SYSTEMPATH\CodeIgniter.php(509): CodeIgniter\CodeIgniter->runController(Object(App\Controllers\Mahasiswa))
 9 SYSTEMPATH\CodeIgniter.php(355): CodeIgniter\CodeIgniter->handleRequest(null, Object(Config\Cache), false)
10 SYSTEMPATH\Boot.php(312): CodeIgniter\CodeIgniter->run()
11 SYSTEMPATH\Boot.php(67): CodeIgniter\Boot::runCodeIgniter(Object(CodeIgniter\CodeIgniter))
12 FCPATH\index.php(56): CodeIgniter\Boot::bootWeb(Object(Config\Paths))
13 SYSTEMPATH\Commands\Server\rewrite.php(49): require_once('D:\\ci4ajax_prasetiyabimananda\\public\\index.php')
CRITICAL - 2024-06-11 12:52:13 --> [Caused by] CodeIgniter\Database\Exceptions\DatabaseException: Unknown column 'mahasiswa060' in 'where clause'
in SYSTEMPATH\Database\MySQLi\Connection.php on line 313.
 1 SYSTEMPATH\Database\BaseConnection.php(722): CodeIgniter\Database\MySQLi\Connection->execute('SELECT 1
FROM `mahasiswa060`
WHERE `mahasiswa060` = \'22110056\'
 LIMIT 1')
 2 SYSTEMPATH\Database\BaseConnection.php(636): CodeIgniter\Database\BaseConnection->simpleQuery('SELECT 1
FROM `mahasiswa060`
WHERE `mahasiswa060` = \'22110056\'
 LIMIT 1')
 3 SYSTEMPATH\Database\BaseBuilder.php(1629): CodeIgniter\Database\BaseConnection->query('SELECT 1
FROM `mahasiswa060`
WHERE `mahasiswa060` = :mahasiswa060:
 LIMIT 1', [...], false)
 4 SYSTEMPATH\Validation\StrictRules\Rules.php(228): CodeIgniter\Database\BaseBuilder->get()
 5 SYSTEMPATH\Validation\Validation.php(336): CodeIgniter\Validation\StrictRules\Rules->is_unique('22110056', 'mahasiswa060', [...], null, 'nim')
 6 SYSTEMPATH\Validation\Validation.php(201): CodeIgniter\Validation\Validation->processRules('nim', 'NIM', '22110056', [...], [...], 'nim')
 7 SYSTEMPATH\Controller.php(137): CodeIgniter\Validation\Validation->run()
 8 APPPATH\Controllers\Mahasiswa.php(46): CodeIgniter\Controller->validate([...])
 9 SYSTEMPATH\CodeIgniter.php(933): App\Controllers\Mahasiswa->simpandata()
10 SYSTEMPATH\CodeIgniter.php(509): CodeIgniter\CodeIgniter->runController(Object(App\Controllers\Mahasiswa))
11 SYSTEMPATH\CodeIgniter.php(355): CodeIgniter\CodeIgniter->handleRequest(null, Object(Config\Cache), false)
12 SYSTEMPATH\Boot.php(312): CodeIgniter\CodeIgniter->run()
13 SYSTEMPATH\Boot.php(67): CodeIgniter\Boot::runCodeIgniter(Object(CodeIgniter\CodeIgniter))
14 FCPATH\index.php(56): CodeIgniter\Boot::bootWeb(Object(Config\Paths))
15 SYSTEMPATH\Commands\Server\rewrite.php(49): require_once('D:\\ci4ajax_prasetiyabimananda\\public\\index.php')
CRITICAL - 2024-06-11 12:52:13 --> [Caused by] mysqli_sql_exception: Unknown column 'mahasiswa060' in 'where clause'
in SYSTEMPATH\Database\MySQLi\Connection.php on line 308.
 1 SYSTEMPATH\Database\MySQLi\Connection.php(308): mysqli->query('SELECT 1
FROM `mahasiswa060`
WHERE `mahasiswa060` = \'22110056\'
 LIMIT 1', 0)
 2 SYSTEMPATH\Database\BaseConnection.php(722): CodeIgniter\Database\MySQLi\Connection->execute('SELECT 1
FROM `mahasiswa060`
WHERE `mahasiswa060` = \'22110056\'
 LIMIT 1')
 3 SYSTEMPATH\Database\BaseConnection.php(636): CodeIgniter\Database\BaseConnection->simpleQuery('SELECT 1
FROM `mahasiswa060`
WHERE `mahasiswa060` = \'22110056\'
 LIMIT 1')
 4 SYSTEMPATH\Database\BaseBuilder.php(1629): CodeIgniter\Database\BaseConnection->query('SELECT 1
FROM `mahasiswa060`
WHERE `mahasiswa060` = :mahasiswa060:
 LIMIT 1', [...], false)
 5 SYSTEMPATH\Validation\StrictRules\Rules.php(228): CodeIgniter\Database\BaseBuilder->get()
 6 SYSTEMPATH\Validation\Validation.php(336): CodeIgniter\Validation\StrictRules\Rules->is_unique('22110056', 'mahasiswa060', [...], null, 'nim')
 7 SYSTEMPATH\Validation\Validation.php(201): CodeIgniter\Validation\Validation->processRules('nim', 'NIM', '22110056', [...], [...], 'nim')
 8 SYSTEMPATH\Controller.php(137): CodeIgniter\Validation\Validation->run()
 9 APPPATH\Controllers\Mahasiswa.php(46): CodeIgniter\Controller->validate([...])
10 SYSTEMPATH\CodeIgniter.php(933): App\Controllers\Mahasiswa->simpandata()
11 SYSTEMPATH\CodeIgniter.php(509): CodeIgniter\CodeIgniter->runController(Object(App\Controllers\Mahasiswa))
12 SYSTEMPATH\CodeIgniter.php(355): CodeIgniter\CodeIgniter->handleRequest(null, Object(Config\Cache), false)
13 SYSTEMPATH\Boot.php(312): CodeIgniter\CodeIgniter->run()
14 SYSTEMPATH\Boot.php(67): CodeIgniter\Boot::runCodeIgniter(Object(CodeIgniter\CodeIgniter))
15 FCPATH\index.php(56): CodeIgniter\Boot::bootWeb(Object(Config\Paths))
16 SYSTEMPATH\Commands\Server\rewrite.php(49): require_once('D:\\ci4ajax_prasetiyabimananda\\public\\index.php')
ERROR - 2024-06-11 13:10:41 --> mysqli_sql_exception: Unknown column 'mahasiswa060' in 'where clause' in D:\ci4ajax_prasetiyabimananda\system\Database\MySQLi\Connection.php:308
Stack trace:
#0 D:\ci4ajax_prasetiyabimananda\system\Database\MySQLi\Connection.php(308): mysqli->query('SELECT 1\nFROM `...', 0)
#1 D:\ci4ajax_prasetiyabimananda\system\Database\BaseConnection.php(722): CodeIgniter\Database\MySQLi\Connection->execute('SELECT 1\nFROM `...')
#2 D:\ci4ajax_prasetiyabimananda\system\Database\BaseConnection.php(636): CodeIgniter\Database\BaseConnection->simpleQuery('SELECT 1\nFROM `...')
#3 D:\ci4ajax_prasetiyabimananda\system\Database\BaseBuilder.php(1629): CodeIgniter\Database\BaseConnection->query('SELECT 1\nFROM `...', Array, false)
#4 D:\ci4ajax_prasetiyabimananda\system\Validation\StrictRules\Rules.php(228): CodeIgniter\Database\BaseBuilder->get()
#5 D:\ci4ajax_prasetiyabimananda\system\Validation\Validation.php(336): CodeIgniter\Validation\StrictRules\Rules->is_unique('22110056', 'mahasiswa060', Array, NULL, 'nim')
#6 D:\ci4ajax_prasetiyabimananda\system\Validation\Validation.php(201): CodeIgniter\Validation\Validation->processRules('nim', 'NIM', '22110056', Array, Array, 'nim')
#7 D:\ci4ajax_prasetiyabimananda\system\Controller.php(137): CodeIgniter\Validation\Validation->run()
#8 D:\ci4ajax_prasetiyabimananda\app\Controllers\Mahasiswa.php(46): CodeIgniter\Controller->validate(Array)
#9 D:\ci4ajax_prasetiyabimananda\system\CodeIgniter.php(933): App\Controllers\Mahasiswa->simpandata()
#10 D:\ci4ajax_prasetiyabimananda\system\CodeIgniter.php(509): CodeIgniter\CodeIgniter->runController(Object(App\Controllers\Mahasiswa))
#11 D:\ci4ajax_prasetiyabimananda\system\CodeIgniter.php(355): CodeIgniter\CodeIgniter->handleRequest(NULL, Object(Config\Cache), false)
#12 D:\ci4ajax_prasetiyabimananda\system\Boot.php(312): CodeIgniter\CodeIgniter->run()
#13 D:\ci4ajax_prasetiyabimananda\system\Boot.php(67): CodeIgniter\Boot::runCodeIgniter(Object(CodeIgniter\CodeIgniter))
#14 D:\ci4ajax_prasetiyabimananda\public\index.php(56): CodeIgniter\Boot::bootWeb(Object(Config\Paths))
#15 D:\ci4ajax_prasetiyabimananda\system\Commands\Server\rewrite.php(49): require_once('D:\\ci4ajax_pras...')
#16 {main}
CRITICAL - 2024-06-11 13:10:41 --> CodeIgniter\Database\Exceptions\DatabaseException: Unknown column 'mahasiswa060' in 'where clause'
[Method: POST, Route: Mahasiswa/simpandata]
in SYSTEMPATH\Database\BaseConnection.php on line 676.
 1 SYSTEMPATH\Database\BaseBuilder.php(1629): CodeIgniter\Database\BaseConnection->query('SELECT 1
FROM `mahasiswa060`
WHERE `mahasiswa060` = :mahasiswa060:
 LIMIT 1', [...], false)
 2 SYSTEMPATH\Validation\StrictRules\Rules.php(228): CodeIgniter\Database\BaseBuilder->get()
 3 SYSTEMPATH\Validation\Validation.php(336): CodeIgniter\Validation\StrictRules\Rules->is_unique('22110056', 'mahasiswa060', [...], null, 'nim')
 4 SYSTEMPATH\Validation\Validation.php(201): CodeIgniter\Validation\Validation->processRules('nim', 'NIM', '22110056', [...], [...], 'nim')
 5 SYSTEMPATH\Controller.php(137): CodeIgniter\Validation\Validation->run()
 6 APPPATH\Controllers\Mahasiswa.php(46): CodeIgniter\Controller->validate([...])
 7 SYSTEMPATH\CodeIgniter.php(933): App\Controllers\Mahasiswa->simpandata()
 8 SYSTEMPATH\CodeIgniter.php(509): CodeIgniter\CodeIgniter->runController(Object(App\Controllers\Mahasiswa))
 9 SYSTEMPATH\CodeIgniter.php(355): CodeIgniter\CodeIgniter->handleRequest(null, Object(Config\Cache), false)
10 SYSTEMPATH\Boot.php(312): CodeIgniter\CodeIgniter->run()
11 SYSTEMPATH\Boot.php(67): CodeIgniter\Boot::runCodeIgniter(Object(CodeIgniter\CodeIgniter))
12 FCPATH\index.php(56): CodeIgniter\Boot::bootWeb(Object(Config\Paths))
13 SYSTEMPATH\Commands\Server\rewrite.php(49): require_once('D:\\ci4ajax_prasetiyabimananda\\public\\index.php')
CRITICAL - 2024-06-11 13:10:41 --> [Caused by] CodeIgniter\Database\Exceptions\DatabaseException: Unknown column 'mahasiswa060' in 'where clause'
in SYSTEMPATH\Database\MySQLi\Connection.php on line 313.
 1 SYSTEMPATH\Database\BaseConnection.php(722): CodeIgniter\Database\MySQLi\Connection->execute('SELECT 1
FROM `mahasiswa060`
WHERE `mahasiswa060` = \'22110056\'
 LIMIT 1')
 2 SYSTEMPATH\Database\BaseConnection.php(636): CodeIgniter\Database\BaseConnection->simpleQuery('SELECT 1
FROM `mahasiswa060`
WHERE `mahasiswa060` = \'22110056\'
 LIMIT 1')
 3 SYSTEMPATH\Database\BaseBuilder.php(1629): CodeIgniter\Database\BaseConnection->query('SELECT 1
FROM `mahasiswa060`
WHERE `mahasiswa060` = :mahasiswa060:
 LIMIT 1', [...], false)
 4 SYSTEMPATH\Validation\StrictRules\Rules.php(228): CodeIgniter\Database\BaseBuilder->get()
 5 SYSTEMPATH\Validation\Validation.php(336): CodeIgniter\Validation\StrictRules\Rules->is_unique('22110056', 'mahasiswa060', [...], null, 'nim')
 6 SYSTEMPATH\Validation\Validation.php(201): CodeIgniter\Validation\Validation->processRules('nim', 'NIM', '22110056', [...], [...], 'nim')
 7 SYSTEMPATH\Controller.php(137): CodeIgniter\Validation\Validation->run()
 8 APPPATH\Controllers\Mahasiswa.php(46): CodeIgniter\Controller->validate([...])
 9 SYSTEMPATH\CodeIgniter.php(933): App\Controllers\Mahasiswa->simpandata()
10 SYSTEMPATH\CodeIgniter.php(509): CodeIgniter\CodeIgniter->runController(Object(App\Controllers\Mahasiswa))
11 SYSTEMPATH\CodeIgniter.php(355): CodeIgniter\CodeIgniter->handleRequest(null, Object(Config\Cache), false)
12 SYSTEMPATH\Boot.php(312): CodeIgniter\CodeIgniter->run()
13 SYSTEMPATH\Boot.php(67): CodeIgniter\Boot::runCodeIgniter(Object(CodeIgniter\CodeIgniter))
14 FCPATH\index.php(56): CodeIgniter\Boot::bootWeb(Object(Config\Paths))
15 SYSTEMPATH\Commands\Server\rewrite.php(49): require_once('D:\\ci4ajax_prasetiyabimananda\\public\\index.php')
CRITICAL - 2024-06-11 13:10:41 --> [Caused by] mysqli_sql_exception: Unknown column 'mahasiswa060' in 'where clause'
in SYSTEMPATH\Database\MySQLi\Connection.php on line 308.
 1 SYSTEMPATH\Database\MySQLi\Connection.php(308): mysqli->query('SELECT 1
FROM `mahasiswa060`
WHERE `mahasiswa060` = \'22110056\'
 LIMIT 1', 0)
 2 SYSTEMPATH\Database\BaseConnection.php(722): CodeIgniter\Database\MySQLi\Connection->execute('SELECT 1
FROM `mahasiswa060`
WHERE `mahasiswa060` = \'22110056\'
 LIMIT 1')
 3 SYSTEMPATH\Database\BaseConnection.php(636): CodeIgniter\Database\BaseConnection->simpleQuery('SELECT 1
FROM `mahasiswa060`
WHERE `mahasiswa060` = \'22110056\'
 LIMIT 1')
 4 SYSTEMPATH\Database\BaseBuilder.php(1629): CodeIgniter\Database\BaseConnection->query('SELECT 1
FROM `mahasiswa060`
WHERE `mahasiswa060` = :mahasiswa060:
 LIMIT 1', [...], false)
 5 SYSTEMPATH\Validation\StrictRules\Rules.php(228): CodeIgniter\Database\BaseBuilder->get()
 6 SYSTEMPATH\Validation\Validation.php(336): CodeIgniter\Validation\StrictRules\Rules->is_unique('22110056', 'mahasiswa060', [...], null, 'nim')
 7 SYSTEMPATH\Validation\Validation.php(201): CodeIgniter\Validation\Validation->processRules('nim', 'NIM', '22110056', [...], [...], 'nim')
 8 SYSTEMPATH\Controller.php(137): CodeIgniter\Validation\Validation->run()
 9 APPPATH\Controllers\Mahasiswa.php(46): CodeIgniter\Controller->validate([...])
10 SYSTEMPATH\CodeIgniter.php(933): App\Controllers\Mahasiswa->simpandata()
11 SYSTEMPATH\CodeIgniter.php(509): CodeIgniter\CodeIgniter->runController(Object(App\Controllers\Mahasiswa))
12 SYSTEMPATH\CodeIgniter.php(355): CodeIgniter\CodeIgniter->handleRequest(null, Object(Config\Cache), false)
13 SYSTEMPATH\Boot.php(312): CodeIgniter\CodeIgniter->run()
14 SYSTEMPATH\Boot.php(67): CodeIgniter\Boot::runCodeIgniter(Object(CodeIgniter\CodeIgniter))
15 FCPATH\index.php(56): CodeIgniter\Boot::bootWeb(Object(Config\Paths))
16 SYSTEMPATH\Commands\Server\rewrite.php(49): require_once('D:\\ci4ajax_prasetiyabimananda\\public\\index.php')
ERROR - 2024-06-11 13:13:50 --> mysqli_sql_exception: Unknown column 'mahasiswa060' in 'where clause' in D:\ci4ajax_prasetiyabimananda\system\Database\MySQLi\Connection.php:308
Stack trace:
#0 D:\ci4ajax_prasetiyabimananda\system\Database\MySQLi\Connection.php(308): mysqli->query('SELECT 1\nFROM `...', 0)
#1 D:\ci4ajax_prasetiyabimananda\system\Database\BaseConnection.php(722): CodeIgniter\Database\MySQLi\Connection->execute('SELECT 1\nFROM `...')
#2 D:\ci4ajax_prasetiyabimananda\system\Database\BaseConnection.php(636): CodeIgniter\Database\BaseConnection->simpleQuery('SELECT 1\nFROM `...')
#3 D:\ci4ajax_prasetiyabimananda\system\Database\BaseBuilder.php(1629): CodeIgniter\Database\BaseConnection->query('SELECT 1\nFROM `...', Array, false)
#4 D:\ci4ajax_prasetiyabimananda\system\Validation\StrictRules\Rules.php(228): CodeIgniter\Database\BaseBuilder->get()
#5 D:\ci4ajax_prasetiyabimananda\system\Validation\Validation.php(336): CodeIgniter\Validation\StrictRules\Rules->is_unique('22110056', 'mahasiswa060', Array, NULL, 'nim')
#6 D:\ci4ajax_prasetiyabimananda\system\Validation\Validation.php(201): CodeIgniter\Validation\Validation->processRules('nim', 'NIM', '22110056', Array, Array, 'nim')
#7 D:\ci4ajax_prasetiyabimananda\system\Controller.php(137): CodeIgniter\Validation\Validation->run()
#8 D:\ci4ajax_prasetiyabimananda\app\Controllers\Mahasiswa.php(46): CodeIgniter\Controller->validate(Array)
#9 D:\ci4ajax_prasetiyabimananda\system\CodeIgniter.php(933): App\Controllers\Mahasiswa->simpandata()
#10 D:\ci4ajax_prasetiyabimananda\system\CodeIgniter.php(509): CodeIgniter\CodeIgniter->runController(Object(App\Controllers\Mahasiswa))
#11 D:\ci4ajax_prasetiyabimananda\system\CodeIgniter.php(355): CodeIgniter\CodeIgniter->handleRequest(NULL, Object(Config\Cache), false)
#12 D:\ci4ajax_prasetiyabimananda\system\Boot.php(312): CodeIgniter\CodeIgniter->run()
#13 D:\ci4ajax_prasetiyabimananda\system\Boot.php(67): CodeIgniter\Boot::runCodeIgniter(Object(CodeIgniter\CodeIgniter))
#14 D:\ci4ajax_prasetiyabimananda\public\index.php(56): CodeIgniter\Boot::bootWeb(Object(Config\Paths))
#15 D:\ci4ajax_prasetiyabimananda\system\Commands\Server\rewrite.php(49): require_once('D:\\ci4ajax_pras...')
#16 {main}
CRITICAL - 2024-06-11 13:13:50 --> CodeIgniter\Database\Exceptions\DatabaseException: Unknown column 'mahasiswa060' in 'where clause'
[Method: POST, Route: Mahasiswa/simpandata]
in SYSTEMPATH\Database\BaseConnection.php on line 676.
 1 SYSTEMPATH\Database\BaseBuilder.php(1629): CodeIgniter\Database\BaseConnection->query('SELECT 1
FROM `mahasiswa060`
WHERE `mahasiswa060` = :mahasiswa060:
 LIMIT 1', [...], false)
 2 SYSTEMPATH\Validation\StrictRules\Rules.php(228): CodeIgniter\Database\BaseBuilder->get()
 3 SYSTEMPATH\Validation\Validation.php(336): CodeIgniter\Validation\StrictRules\Rules->is_unique('22110056', 'mahasiswa060', [...], null, 'nim')
 4 SYSTEMPATH\Validation\Validation.php(201): CodeIgniter\Validation\Validation->processRules('nim', 'NIM', '22110056', [...], [...], 'nim')
 5 SYSTEMPATH\Controller.php(137): CodeIgniter\Validation\Validation->run()
 6 APPPATH\Controllers\Mahasiswa.php(46): CodeIgniter\Controller->validate([...])
 7 SYSTEMPATH\CodeIgniter.php(933): App\Controllers\Mahasiswa->simpandata()
 8 SYSTEMPATH\CodeIgniter.php(509): CodeIgniter\CodeIgniter->runController(Object(App\Controllers\Mahasiswa))
 9 SYSTEMPATH\CodeIgniter.php(355): CodeIgniter\CodeIgniter->handleRequest(null, Object(Config\Cache), false)
10 SYSTEMPATH\Boot.php(312): CodeIgniter\CodeIgniter->run()
11 SYSTEMPATH\Boot.php(67): CodeIgniter\Boot::runCodeIgniter(Object(CodeIgniter\CodeIgniter))
12 FCPATH\index.php(56): CodeIgniter\Boot::bootWeb(Object(Config\Paths))
13 SYSTEMPATH\Commands\Server\rewrite.php(49): require_once('D:\\ci4ajax_prasetiyabimananda\\public\\index.php')
CRITICAL - 2024-06-11 13:13:50 --> [Caused by] CodeIgniter\Database\Exceptions\DatabaseException: Unknown column 'mahasiswa060' in 'where clause'
in SYSTEMPATH\Database\MySQLi\Connection.php on line 313.
 1 SYSTEMPATH\Database\BaseConnection.php(722): CodeIgniter\Database\MySQLi\Connection->execute('SELECT 1
FROM `mahasiswa060`
WHERE `mahasiswa060` = \'22110056\'
 LIMIT 1')
 2 SYSTEMPATH\Database\BaseConnection.php(636): CodeIgniter\Database\BaseConnection->simpleQuery('SELECT 1
FROM `mahasiswa060`
WHERE `mahasiswa060` = \'22110056\'
 LIMIT 1')
 3 SYSTEMPATH\Database\BaseBuilder.php(1629): CodeIgniter\Database\BaseConnection->query('SELECT 1
FROM `mahasiswa060`
WHERE `mahasiswa060` = :mahasiswa060:
 LIMIT 1', [...], false)
 4 SYSTEMPATH\Validation\StrictRules\Rules.php(228): CodeIgniter\Database\BaseBuilder->get()
 5 SYSTEMPATH\Validation\Validation.php(336): CodeIgniter\Validation\StrictRules\Rules->is_unique('22110056', 'mahasiswa060', [...], null, 'nim')
 6 SYSTEMPATH\Validation\Validation.php(201): CodeIgniter\Validation\Validation->processRules('nim', 'NIM', '22110056', [...], [...], 'nim')
 7 SYSTEMPATH\Controller.php(137): CodeIgniter\Validation\Validation->run()
 8 APPPATH\Controllers\Mahasiswa.php(46): CodeIgniter\Controller->validate([...])
 9 SYSTEMPATH\CodeIgniter.php(933): App\Controllers\Mahasiswa->simpandata()
10 SYSTEMPATH\CodeIgniter.php(509): CodeIgniter\CodeIgniter->runController(Object(App\Controllers\Mahasiswa))
11 SYSTEMPATH\CodeIgniter.php(355): CodeIgniter\CodeIgniter->handleRequest(null, Object(Config\Cache), false)
12 SYSTEMPATH\Boot.php(312): CodeIgniter\CodeIgniter->run()
13 SYSTEMPATH\Boot.php(67): CodeIgniter\Boot::runCodeIgniter(Object(CodeIgniter\CodeIgniter))
14 FCPATH\index.php(56): CodeIgniter\Boot::bootWeb(Object(Config\Paths))
15 SYSTEMPATH\Commands\Server\rewrite.php(49): require_once('D:\\ci4ajax_prasetiyabimananda\\public\\index.php')
CRITICAL - 2024-06-11 13:13:50 --> [Caused by] mysqli_sql_exception: Unknown column 'mahasiswa060' in 'where clause'
in SYSTEMPATH\Database\MySQLi\Connection.php on line 308.
 1 SYSTEMPATH\Database\MySQLi\Connection.php(308): mysqli->query('SELECT 1
FROM `mahasiswa060`
WHERE `mahasiswa060` = \'22110056\'
 LIMIT 1', 0)
 2 SYSTEMPATH\Database\BaseConnection.php(722): CodeIgniter\Database\MySQLi\Connection->execute('SELECT 1
FROM `mahasiswa060`
WHERE `mahasiswa060` = \'22110056\'
 LIMIT 1')
 3 SYSTEMPATH\Database\BaseConnection.php(636): CodeIgniter\Database\BaseConnection->simpleQuery('SELECT 1
FROM `mahasiswa060`
WHERE `mahasiswa060` = \'22110056\'
 LIMIT 1')
 4 SYSTEMPATH\Database\BaseBuilder.php(1629): CodeIgniter\Database\BaseConnection->query('SELECT 1
FROM `mahasiswa060`
WHERE `mahasiswa060` = :mahasiswa060:
 LIMIT 1', [...], false)
 5 SYSTEMPATH\Validation\StrictRules\Rules.php(228): CodeIgniter\Database\BaseBuilder->get()
 6 SYSTEMPATH\Validation\Validation.php(336): CodeIgniter\Validation\StrictRules\Rules->is_unique('22110056', 'mahasiswa060', [...], null, 'nim')
 7 SYSTEMPATH\Validation\Validation.php(201): CodeIgniter\Validation\Validation->processRules('nim', 'NIM', '22110056', [...], [...], 'nim')
 8 SYSTEMPATH\Controller.php(137): CodeIgniter\Validation\Validation->run()
 9 APPPATH\Controllers\Mahasiswa.php(46): CodeIgniter\Controller->validate([...])
10 SYSTEMPATH\CodeIgniter.php(933): App\Controllers\Mahasiswa->simpandata()
11 SYSTEMPATH\CodeIgniter.php(509): CodeIgniter\CodeIgniter->runController(Object(App\Controllers\Mahasiswa))
12 SYSTEMPATH\CodeIgniter.php(355): CodeIgniter\CodeIgniter->handleRequest(null, Object(Config\Cache), false)
13 SYSTEMPATH\Boot.php(312): CodeIgniter\CodeIgniter->run()
14 SYSTEMPATH\Boot.php(67): CodeIgniter\Boot::runCodeIgniter(Object(CodeIgniter\CodeIgniter))
15 FCPATH\index.php(56): CodeIgniter\Boot::bootWeb(Object(Config\Paths))
16 SYSTEMPATH\Commands\Server\rewrite.php(49): require_once('D:\\ci4ajax_prasetiyabimananda\\public\\index.php')
ERROR - 2024-06-11 13:17:59 --> mysqli_sql_exception: Unknown column 'mahasiswa060' in 'where clause' in D:\ci4ajax_prasetiyabimananda\system\Database\MySQLi\Connection.php:308
Stack trace:
#0 D:\ci4ajax_prasetiyabimananda\system\Database\MySQLi\Connection.php(308): mysqli->query('SELECT 1\nFROM `...', 0)
#1 D:\ci4ajax_prasetiyabimananda\system\Database\BaseConnection.php(722): CodeIgniter\Database\MySQLi\Connection->execute('SELECT 1\nFROM `...')
#2 D:\ci4ajax_prasetiyabimananda\system\Database\BaseConnection.php(636): CodeIgniter\Database\BaseConnection->simpleQuery('SELECT 1\nFROM `...')
#3 D:\ci4ajax_prasetiyabimananda\system\Database\BaseBuilder.php(1629): CodeIgniter\Database\BaseConnection->query('SELECT 1\nFROM `...', Array, false)
#4 D:\ci4ajax_prasetiyabimananda\system\Validation\StrictRules\Rules.php(228): CodeIgniter\Database\BaseBuilder->get()
#5 D:\ci4ajax_prasetiyabimananda\system\Validation\Validation.php(336): CodeIgniter\Validation\StrictRules\Rules->is_unique('22110056', 'mahasiswa060', Array, NULL, 'nim')
#6 D:\ci4ajax_prasetiyabimananda\system\Validation\Validation.php(201): CodeIgniter\Validation\Validation->processRules('nim', 'NIM', '22110056', Array, Array, 'nim')
#7 D:\ci4ajax_prasetiyabimananda\system\Controller.php(137): CodeIgniter\Validation\Validation->run()
#8 D:\ci4ajax_prasetiyabimananda\app\Controllers\Mahasiswa.php(46): CodeIgniter\Controller->validate(Array)
#9 D:\ci4ajax_prasetiyabimananda\system\CodeIgniter.php(933): App\Controllers\Mahasiswa->simpandata()
#10 D:\ci4ajax_prasetiyabimananda\system\CodeIgniter.php(509): CodeIgniter\CodeIgniter->runController(Object(App\Controllers\Mahasiswa))
#11 D:\ci4ajax_prasetiyabimananda\system\CodeIgniter.php(355): CodeIgniter\CodeIgniter->handleRequest(NULL, Object(Config\Cache), false)
#12 D:\ci4ajax_prasetiyabimananda\system\Boot.php(312): CodeIgniter\CodeIgniter->run()
#13 D:\ci4ajax_prasetiyabimananda\system\Boot.php(67): CodeIgniter\Boot::runCodeIgniter(Object(CodeIgniter\CodeIgniter))
#14 D:\ci4ajax_prasetiyabimananda\public\index.php(56): CodeIgniter\Boot::bootWeb(Object(Config\Paths))
#15 D:\ci4ajax_prasetiyabimananda\system\Commands\Server\rewrite.php(49): require_once('D:\\ci4ajax_pras...')
#16 {main}
CRITICAL - 2024-06-11 13:17:59 --> CodeIgniter\Database\Exceptions\DatabaseException: Unknown column 'mahasiswa060' in 'where clause'
[Method: POST, Route: Mahasiswa/simpandata]
in SYSTEMPATH\Database\BaseConnection.php on line 676.
 1 SYSTEMPATH\Database\BaseBuilder.php(1629): CodeIgniter\Database\BaseConnection->query('SELECT 1
FROM `mahasiswa060`
WHERE `mahasiswa060` = :mahasiswa060:
 LIMIT 1', [...], false)
 2 SYSTEMPATH\Validation\StrictRules\Rules.php(228): CodeIgniter\Database\BaseBuilder->get()
 3 SYSTEMPATH\Validation\Validation.php(336): CodeIgniter\Validation\StrictRules\Rules->is_unique('22110056', 'mahasiswa060', [...], null, 'nim')
 4 SYSTEMPATH\Validation\Validation.php(201): CodeIgniter\Validation\Validation->processRules('nim', 'NIM', '22110056', [...], [...], 'nim')
 5 SYSTEMPATH\Controller.php(137): CodeIgniter\Validation\Validation->run()
 6 APPPATH\Controllers\Mahasiswa.php(46): CodeIgniter\Controller->validate([...])
 7 SYSTEMPATH\CodeIgniter.php(933): App\Controllers\Mahasiswa->simpandata()
 8 SYSTEMPATH\CodeIgniter.php(509): CodeIgniter\CodeIgniter->runController(Object(App\Controllers\Mahasiswa))
 9 SYSTEMPATH\CodeIgniter.php(355): CodeIgniter\CodeIgniter->handleRequest(null, Object(Config\Cache), false)
10 SYSTEMPATH\Boot.php(312): CodeIgniter\CodeIgniter->run()
11 SYSTEMPATH\Boot.php(67): CodeIgniter\Boot::runCodeIgniter(Object(CodeIgniter\CodeIgniter))
12 FCPATH\index.php(56): CodeIgniter\Boot::bootWeb(Object(Config\Paths))
13 SYSTEMPATH\Commands\Server\rewrite.php(49): require_once('D:\\ci4ajax_prasetiyabimananda\\public\\index.php')
CRITICAL - 2024-06-11 13:17:59 --> [Caused by] CodeIgniter\Database\Exceptions\DatabaseException: Unknown column 'mahasiswa060' in 'where clause'
in SYSTEMPATH\Database\MySQLi\Connection.php on line 313.
 1 SYSTEMPATH\Database\BaseConnection.php(722): CodeIgniter\Database\MySQLi\Connection->execute('SELECT 1
FROM `mahasiswa060`
WHERE `mahasiswa060` = \'22110056\'
 LIMIT 1')
 2 SYSTEMPATH\Database\BaseConnection.php(636): CodeIgniter\Database\BaseConnection->simpleQuery('SELECT 1
FROM `mahasiswa060`
WHERE `mahasiswa060` = \'22110056\'
 LIMIT 1')
 3 SYSTEMPATH\Database\BaseBuilder.php(1629): CodeIgniter\Database\BaseConnection->query('SELECT 1
FROM `mahasiswa060`
WHERE `mahasiswa060` = :mahasiswa060:
 LIMIT 1', [...], false)
 4 SYSTEMPATH\Validation\StrictRules\Rules.php(228): CodeIgniter\Database\BaseBuilder->get()
 5 SYSTEMPATH\Validation\Validation.php(336): CodeIgniter\Validation\StrictRules\Rules->is_unique('22110056', 'mahasiswa060', [...], null, 'nim')
 6 SYSTEMPATH\Validation\Validation.php(201): CodeIgniter\Validation\Validation->processRules('nim', 'NIM', '22110056', [...], [...], 'nim')
 7 SYSTEMPATH\Controller.php(137): CodeIgniter\Validation\Validation->run()
 8 APPPATH\Controllers\Mahasiswa.php(46): CodeIgniter\Controller->validate([...])
 9 SYSTEMPATH\CodeIgniter.php(933): App\Controllers\Mahasiswa->simpandata()
10 SYSTEMPATH\CodeIgniter.php(509): CodeIgniter\CodeIgniter->runController(Object(App\Controllers\Mahasiswa))
11 SYSTEMPATH\CodeIgniter.php(355): CodeIgniter\CodeIgniter->handleRequest(null, Object(Config\Cache), false)
12 SYSTEMPATH\Boot.php(312): CodeIgniter\CodeIgniter->run()
13 SYSTEMPATH\Boot.php(67): CodeIgniter\Boot::runCodeIgniter(Object(CodeIgniter\CodeIgniter))
14 FCPATH\index.php(56): CodeIgniter\Boot::bootWeb(Object(Config\Paths))
15 SYSTEMPATH\Commands\Server\rewrite.php(49): require_once('D:\\ci4ajax_prasetiyabimananda\\public\\index.php')
CRITICAL - 2024-06-11 13:17:59 --> [Caused by] mysqli_sql_exception: Unknown column 'mahasiswa060' in 'where clause'
in SYSTEMPATH\Database\MySQLi\Connection.php on line 308.
 1 SYSTEMPATH\Database\MySQLi\Connection.php(308): mysqli->query('SELECT 1
FROM `mahasiswa060`
WHERE `mahasiswa060` = \'22110056\'
 LIMIT 1', 0)
 2 SYSTEMPATH\Database\BaseConnection.php(722): CodeIgniter\Database\MySQLi\Connection->execute('SELECT 1
FROM `mahasiswa060`
WHERE `mahasiswa060` = \'22110056\'
 LIMIT 1')
 3 SYSTEMPATH\Database\BaseConnection.php(636): CodeIgniter\Database\BaseConnection->simpleQuery('SELECT 1
FROM `mahasiswa060`
WHERE `mahasiswa060` = \'22110056\'
 LIMIT 1')
 4 SYSTEMPATH\Database\BaseBuilder.php(1629): CodeIgniter\Database\BaseConnection->query('SELECT 1
FROM `mahasiswa060`
WHERE `mahasiswa060` = :mahasiswa060:
 LIMIT 1', [...], false)
 5 SYSTEMPATH\Validation\StrictRules\Rules.php(228): CodeIgniter\Database\BaseBuilder->get()
 6 SYSTEMPATH\Validation\Validation.php(336): CodeIgniter\Validation\StrictRules\Rules->is_unique('22110056', 'mahasiswa060', [...], null, 'nim')
 7 SYSTEMPATH\Validation\Validation.php(201): CodeIgniter\Validation\Validation->processRules('nim', 'NIM', '22110056', [...], [...], 'nim')
 8 SYSTEMPATH\Controller.php(137): CodeIgniter\Validation\Validation->run()
 9 APPPATH\Controllers\Mahasiswa.php(46): CodeIgniter\Controller->validate([...])
10 SYSTEMPATH\CodeIgniter.php(933): App\Controllers\Mahasiswa->simpandata()
11 SYSTEMPATH\CodeIgniter.php(509): CodeIgniter\CodeIgniter->runController(Object(App\Controllers\Mahasiswa))
12 SYSTEMPATH\CodeIgniter.php(355): CodeIgniter\CodeIgniter->handleRequest(null, Object(Config\Cache), false)
13 SYSTEMPATH\Boot.php(312): CodeIgniter\CodeIgniter->run()
14 SYSTEMPATH\Boot.php(67): CodeIgniter\Boot::runCodeIgniter(Object(CodeIgniter\CodeIgniter))
15 FCPATH\index.php(56): CodeIgniter\Boot::bootWeb(Object(Config\Paths))
16 SYSTEMPATH\Commands\Server\rewrite.php(49): require_once('D:\\ci4ajax_prasetiyabimananda\\public\\index.php')
CRITICAL - 2024-06-11 13:23:29 --> CodeIgniter\Database\Exceptions\DataException: Allowed fields must be specified for model: "App\Models\ModelMahasiswa"
[Method: POST, Route: Mahasiswa/simpandata]
in SYSTEMPATH\Model.php on line 813.
 1 SYSTEMPATH\Model.php(813): CodeIgniter\Database\Exceptions\DataException::forInvalidAllowedFields('App\\Models\\ModelMahasiswa')
 2 SYSTEMPATH\BaseModel.php(821): CodeIgniter\Model->doProtectFieldsForInsert([...])
 3 SYSTEMPATH\Model.php(791): CodeIgniter\BaseModel->insert([...], true)
 4 APPPATH\Controllers\Mahasiswa.php(106): CodeIgniter\Model->insert([...])
 5 SYSTEMPATH\CodeIgniter.php(933): App\Controllers\Mahasiswa->simpandata()
 6 SYSTEMPATH\CodeIgniter.php(509): CodeIgniter\CodeIgniter->runController(Object(App\Controllers\Mahasiswa))
 7 SYSTEMPATH\CodeIgniter.php(355): CodeIgniter\CodeIgniter->handleRequest(null, Object(Config\Cache), false)
 8 SYSTEMPATH\Boot.php(312): CodeIgniter\CodeIgniter->run()
 9 SYSTEMPATH\Boot.php(67): CodeIgniter\Boot::runCodeIgniter(Object(CodeIgniter\CodeIgniter))
10 FCPATH\index.php(56): CodeIgniter\Boot::bootWeb(Object(Config\Paths))
11 SYSTEMPATH\Commands\Server\rewrite.php(49): require_once('D:\\ci4ajax_prasetiyabimananda\\public\\index.php')
CRITICAL - 2024-06-11 13:26:16 --> CodeIgniter\Database\Exceptions\DataException: Allowed fields must be specified for model: "App\Models\ModelMahasiswa"
[Method: POST, Route: Mahasiswa/simpandata]
in SYSTEMPATH\Model.php on line 813.
 1 SYSTEMPATH\Model.php(813): CodeIgniter\Database\Exceptions\DataException::forInvalidAllowedFields('App\\Models\\ModelMahasiswa')
 2 SYSTEMPATH\BaseModel.php(821): CodeIgniter\Model->doProtectFieldsForInsert([...])
 3 SYSTEMPATH\Model.php(791): CodeIgniter\BaseModel->insert([...], true)
 4 APPPATH\Controllers\Mahasiswa.php(107): CodeIgniter\Model->insert([...])
 5 SYSTEMPATH\CodeIgniter.php(933): App\Controllers\Mahasiswa->simpandata()
 6 SYSTEMPATH\CodeIgniter.php(509): CodeIgniter\CodeIgniter->runController(Object(App\Controllers\Mahasiswa))
 7 SYSTEMPATH\CodeIgniter.php(355): CodeIgniter\CodeIgniter->handleRequest(null, Object(Config\Cache), false)
 8 SYSTEMPATH\Boot.php(312): CodeIgniter\CodeIgniter->run()
 9 SYSTEMPATH\Boot.php(67): CodeIgniter\Boot::runCodeIgniter(Object(CodeIgniter\CodeIgniter))
10 FCPATH\index.php(56): CodeIgniter\Boot::bootWeb(Object(Config\Paths))
11 SYSTEMPATH\Commands\Server\rewrite.php(49): require_once('D:\\ci4ajax_prasetiyabimananda\\public\\index.php')
ERROR - 2024-06-11 13:31:25 --> mysqli_sql_exception: Duplicate entry '0' for key 'PRIMARY' in D:\ci4ajax_prasetiyabimananda\system\Database\MySQLi\Connection.php:308
Stack trace:
#0 D:\ci4ajax_prasetiyabimananda\system\Database\MySQLi\Connection.php(308): mysqli->query('INSERT INTO `ma...', 0)
#1 D:\ci4ajax_prasetiyabimananda\system\Database\BaseConnection.php(722): CodeIgniter\Database\MySQLi\Connection->execute('INSERT INTO `ma...')
#2 D:\ci4ajax_prasetiyabimananda\system\Database\BaseConnection.php(636): CodeIgniter\Database\BaseConnection->simpleQuery('INSERT INTO `ma...')
#3 D:\ci4ajax_prasetiyabimananda\system\Database\BaseBuilder.php(2325): CodeIgniter\Database\BaseConnection->query('INSERT INTO `ma...', Array, false)
#4 D:\ci4ajax_prasetiyabimananda\system\Model.php(383): CodeIgniter\Database\BaseBuilder->insert()
#5 D:\ci4ajax_prasetiyabimananda\system\BaseModel.php(840): CodeIgniter\Model->doInsert(Array)
#6 D:\ci4ajax_prasetiyabimananda\system\Model.php(791): CodeIgniter\BaseModel->insert(Array, true)
#7 D:\ci4ajax_prasetiyabimananda\app\Controllers\Mahasiswa.php(107): CodeIgniter\Model->insert(Array)
#8 D:\ci4ajax_prasetiyabimananda\system\CodeIgniter.php(933): App\Controllers\Mahasiswa->simpandata()
#9 D:\ci4ajax_prasetiyabimananda\system\CodeIgniter.php(509): CodeIgniter\CodeIgniter->runController(Object(App\Controllers\Mahasiswa))
#10 D:\ci4ajax_prasetiyabimananda\system\CodeIgniter.php(355): CodeIgniter\CodeIgniter->handleRequest(NULL, Object(Config\Cache), false)
#11 D:\ci4ajax_prasetiyabimananda\system\Boot.php(312): CodeIgniter\CodeIgniter->run()
#12 D:\ci4ajax_prasetiyabimananda\system\Boot.php(67): CodeIgniter\Boot::runCodeIgniter(Object(CodeIgniter\CodeIgniter))
#13 D:\ci4ajax_prasetiyabimananda\public\index.php(56): CodeIgniter\Boot::bootWeb(Object(Config\Paths))
#14 D:\ci4ajax_prasetiyabimananda\system\Commands\Server\rewrite.php(49): require_once('D:\\ci4ajax_pras...')
#15 {main}
CRITICAL - 2024-06-11 13:31:25 --> CodeIgniter\Database\Exceptions\DatabaseException: Duplicate entry '0' for key 'PRIMARY'
[Method: POST, Route: Mahasiswa/simpandata]
in SYSTEMPATH\Database\BaseConnection.php on line 676.
 1 SYSTEMPATH\Database\BaseBuilder.php(2325): CodeIgniter\Database\BaseConnection->query('INSERT INTO `mahasiswa060` (`nim060`, `nama060`, `tmplahir060`, `tgllahir060`, `jenkel060`) VALUES (:nim060:, :nama060:, :tmplahir060:, :tgllahir060:, :jenkel060:)', [...], false)
 2 SYSTEMPATH\Model.php(383): CodeIgniter\Database\BaseBuilder->insert()
 3 SYSTEMPATH\BaseModel.php(840): CodeIgniter\Model->doInsert([...])
 4 SYSTEMPATH\Model.php(791): CodeIgniter\BaseModel->insert([...], true)
 5 APPPATH\Controllers\Mahasiswa.php(107): CodeIgniter\Model->insert([...])
 6 SYSTEMPATH\CodeIgniter.php(933): App\Controllers\Mahasiswa->simpandata()
 7 SYSTEMPATH\CodeIgniter.php(509): CodeIgniter\CodeIgniter->runController(Object(App\Controllers\Mahasiswa))
 8 SYSTEMPATH\CodeIgniter.php(355): CodeIgniter\CodeIgniter->handleRequest(null, Object(Config\Cache), false)
 9 SYSTEMPATH\Boot.php(312): CodeIgniter\CodeIgniter->run()
10 SYSTEMPATH\Boot.php(67): CodeIgniter\Boot::runCodeIgniter(Object(CodeIgniter\CodeIgniter))
11 FCPATH\index.php(56): CodeIgniter\Boot::bootWeb(Object(Config\Paths))
12 SYSTEMPATH\Commands\Server\rewrite.php(49): require_once('D:\\ci4ajax_prasetiyabimananda\\public\\index.php')
CRITICAL - 2024-06-11 13:31:25 --> [Caused by] CodeIgniter\Database\Exceptions\DatabaseException: Duplicate entry '0' for key 'PRIMARY'
in SYSTEMPATH\Database\MySQLi\Connection.php on line 313.
 1 SYSTEMPATH\Database\BaseConnection.php(722): CodeIgniter\Database\MySQLi\Connection->execute('INSERT INTO `mahasiswa060` (`nim060`, `nama060`, `tmplahir060`, `tgllahir060`, `jenkel060`) VALUES (\'22110056\', \'Raudatul ULfa\', \'Saba Auh\', \'2024-06-08\', \'Perempuan\')')
 2 SYSTEMPATH\Database\BaseConnection.php(636): CodeIgniter\Database\BaseConnection->simpleQuery('INSERT INTO `mahasiswa060` (`nim060`, `nama060`, `tmplahir060`, `tgllahir060`, `jenkel060`) VALUES (\'22110056\', \'Raudatul ULfa\', \'Saba Auh\', \'2024-06-08\', \'Perempuan\')')
 3 SYSTEMPATH\Database\BaseBuilder.php(2325): CodeIgniter\Database\BaseConnection->query('INSERT INTO `mahasiswa060` (`nim060`, `nama060`, `tmplahir060`, `tgllahir060`, `jenkel060`) VALUES (:nim060:, :nama060:, :tmplahir060:, :tgllahir060:, :jenkel060:)', [...], false)
 4 SYSTEMPATH\Model.php(383): CodeIgniter\Database\BaseBuilder->insert()
 5 SYSTEMPATH\BaseModel.php(840): CodeIgniter\Model->doInsert([...])
 6 SYSTEMPATH\Model.php(791): CodeIgniter\BaseModel->insert([...], true)
 7 APPPATH\Controllers\Mahasiswa.php(107): CodeIgniter\Model->insert([...])
 8 SYSTEMPATH\CodeIgniter.php(933): App\Controllers\Mahasiswa->simpandata()
 9 SYSTEMPATH\CodeIgniter.php(509): CodeIgniter\CodeIgniter->runController(Object(App\Controllers\Mahasiswa))
10 SYSTEMPATH\CodeIgniter.php(355): CodeIgniter\CodeIgniter->handleRequest(null, Object(Config\Cache), false)
11 SYSTEMPATH\Boot.php(312): CodeIgniter\CodeIgniter->run()
12 SYSTEMPATH\Boot.php(67): CodeIgniter\Boot::runCodeIgniter(Object(CodeIgniter\CodeIgniter))
13 FCPATH\index.php(56): CodeIgniter\Boot::bootWeb(Object(Config\Paths))
14 SYSTEMPATH\Commands\Server\rewrite.php(49): require_once('D:\\ci4ajax_prasetiyabimananda\\public\\index.php')
CRITICAL - 2024-06-11 13:31:25 --> [Caused by] mysqli_sql_exception: Duplicate entry '0' for key 'PRIMARY'
in SYSTEMPATH\Database\MySQLi\Connection.php on line 308.
 1 SYSTEMPATH\Database\MySQLi\Connection.php(308): mysqli->query('INSERT INTO `mahasiswa060` (`nim060`, `nama060`, `tmplahir060`, `tgllahir060`, `jenkel060`) VALUES (\'22110056\', \'Raudatul ULfa\', \'Saba Auh\', \'2024-06-08\', \'Perempuan\')', 0)
 2 SYSTEMPATH\Database\BaseConnection.php(722): CodeIgniter\Database\MySQLi\Connection->execute('INSERT INTO `mahasiswa060` (`nim060`, `nama060`, `tmplahir060`, `tgllahir060`, `jenkel060`) VALUES (\'22110056\', \'Raudatul ULfa\', \'Saba Auh\', \'2024-06-08\', \'Perempuan\')')
 3 SYSTEMPATH\Database\BaseConnection.php(636): CodeIgniter\Database\BaseConnection->simpleQuery('INSERT INTO `mahasiswa060` (`nim060`, `nama060`, `tmplahir060`, `tgllahir060`, `jenkel060`) VALUES (\'22110056\', \'Raudatul ULfa\', \'Saba Auh\', \'2024-06-08\', \'Perempuan\')')
 4 SYSTEMPATH\Database\BaseBuilder.php(2325): CodeIgniter\Database\BaseConnection->query('INSERT INTO `mahasiswa060` (`nim060`, `nama060`, `tmplahir060`, `tgllahir060`, `jenkel060`) VALUES (:nim060:, :nama060:, :tmplahir060:, :tgllahir060:, :jenkel060:)', [...], false)
 5 SYSTEMPATH\Model.php(383): CodeIgniter\Database\BaseBuilder->insert()
 6 SYSTEMPATH\BaseModel.php(840): CodeIgniter\Model->doInsert([...])
 7 SYSTEMPATH\Model.php(791): CodeIgniter\BaseModel->insert([...], true)
 8 APPPATH\Controllers\Mahasiswa.php(107): CodeIgniter\Model->insert([...])
 9 SYSTEMPATH\CodeIgniter.php(933): App\Controllers\Mahasiswa->simpandata()
10 SYSTEMPATH\CodeIgniter.php(509): CodeIgniter\CodeIgniter->runController(Object(App\Controllers\Mahasiswa))
11 SYSTEMPATH\CodeIgniter.php(355): CodeIgniter\CodeIgniter->handleRequest(null, Object(Config\Cache), false)
12 SYSTEMPATH\Boot.php(312): CodeIgniter\CodeIgniter->run()
13 SYSTEMPATH\Boot.php(67): CodeIgniter\Boot::runCodeIgniter(Object(CodeIgniter\CodeIgniter))
14 FCPATH\index.php(56): CodeIgniter\Boot::bootWeb(Object(Config\Paths))
15 SYSTEMPATH\Commands\Server\rewrite.php(49): require_once('D:\\ci4ajax_prasetiyabimananda\\public\\index.php')
CRITICAL - 2024-06-11 14:39:39 --> CodeIgniter\View\Exceptions\ViewException: Invalid file: "Mahasiswa/modaltambah.php"
[Method: GET, Route: Mahasiswa/formtambah]
in SYSTEMPATH\Exceptions\FrameworkException.php on line 41.
 1 SYSTEMPATH\View\View.php(222): CodeIgniter\Exceptions\FrameworkException::forInvalidFile('Mahasiswa/modaltambah.php')
 2 SYSTEMPATH\Common.php(1171): CodeIgniter\View\View->render('Mahasiswa/modaltambah', [], true)
 3 APPPATH\Controllers\Mahasiswa.php(34): view('Mahasiswa/modaltambah')
 4 SYSTEMPATH\CodeIgniter.php(933): App\Controllers\Mahasiswa->formtambah()
 5 SYSTEMPATH\CodeIgniter.php(509): CodeIgniter\CodeIgniter->runController(Object(App\Controllers\Mahasiswa))
 6 SYSTEMPATH\CodeIgniter.php(355): CodeIgniter\CodeIgniter->handleRequest(null, Object(Config\Cache), false)
 7 SYSTEMPATH\Boot.php(312): CodeIgniter\CodeIgniter->run()
 8 SYSTEMPATH\Boot.php(67): CodeIgniter\Boot::runCodeIgniter(Object(CodeIgniter\CodeIgniter))
 9 FCPATH\index.php(56): CodeIgniter\Boot::bootWeb(Object(Config\Paths))
10 SYSTEMPATH\Commands\Server\rewrite.php(49): require_once('D:\\ci4ajax_prasetiyabimananda\\public\\index.php')
